{"/home/travis/build/npmtest/node-npmtest-potter/test.js":{"path":"/home/travis/build/npmtest/node-npmtest-potter/test.js","s":{"1":2,"2":2,"3":2,"4":2,"5":2,"6":2,"7":2,"8":1,"9":2,"10":2,"11":1,"12":1,"13":1,"14":1,"15":2,"16":2,"17":2,"18":2,"19":1,"20":1,"21":2,"22":2,"23":2,"24":1,"25":1,"26":1,"27":1,"28":1,"29":1,"30":1,"31":1,"32":1,"33":1,"34":1,"35":1,"36":1,"37":1,"38":1,"39":2,"40":2,"41":1,"42":2,"43":2,"44":1,"45":2,"46":2,"47":1,"48":2,"49":2,"50":1,"51":1,"52":1,"53":1,"54":1},"b":{"1":[2,1,1,1],"2":[1,1,1,1],"3":[1,1],"4":[1,1],"5":[1,1],"6":[1,1],"7":[1,1],"8":[1,1],"9":[1,1],"10":[1,1,1],"11":[1,1],"12":[1,1],"13":[1,1],"14":[1,1],"15":[1,1],"16":[1,1],"17":[1,1]},"f":{"1":2,"2":2,"3":2,"4":2,"5":2,"6":1,"7":1,"8":1,"9":2,"10":2,"11":2,"12":2,"13":1},"fnMap":{"1":{"name":"(anonymous_1)","line":12,"loc":{"start":{"line":12,"column":1},"end":{"line":12,"column":13}}},"2":{"name":"(anonymous_2)","line":19,"loc":{"start":{"line":19,"column":5},"end":{"line":19,"column":17}}},"3":{"name":"(anonymous_3)","line":23,"loc":{"start":{"line":23,"column":24},"end":{"line":23,"column":36}}},"4":{"name":"(anonymous_4)","line":61,"loc":{"start":{"line":61,"column":5},"end":{"line":61,"column":17}}},"5":{"name":"(anonymous_5)","line":82,"loc":{"start":{"line":82,"column":5},"end":{"line":82,"column":17}}},"6":{"name":"(anonymous_6)","line":91,"loc":{"start":{"line":91,"column":77},"end":{"line":94,"column":10}}},"7":{"name":"(anonymous_7)","line":112,"loc":{"start":{"line":112,"column":83},"end":{"line":115,"column":10}},"skip":true},"8":{"name":"(anonymous_8)","line":123,"loc":{"start":{"line":123,"column":77},"end":{"line":126,"column":10}},"skip":true},"9":{"name":"(anonymous_9)","line":139,"loc":{"start":{"line":139,"column":12},"end":{"line":139,"column":40}},"skip":true},"10":{"name":"(anonymous_10)","line":147,"loc":{"start":{"line":147,"column":77},"end":{"line":150,"column":10}},"skip":true},"11":{"name":"(anonymous_11)","line":158,"loc":{"start":{"line":158,"column":83},"end":{"line":161,"column":10}},"skip":true},"12":{"name":"(anonymous_12)","line":169,"loc":{"start":{"line":169,"column":79},"end":{"line":172,"column":10}},"skip":true},"13":{"name":"(anonymous_13)","line":180,"loc":{"start":{"line":180,"column":75},"end":{"line":183,"column":10}},"skip":true}},"statementMap":{"1":{"start":{"line":12,"column":0},"end":{"line":195,"column":5}},"2":{"start":{"line":14,"column":4},"end":{"line":14,"column":14}},"3":{"start":{"line":19,"column":4},"end":{"line":56,"column":9}},"4":{"start":{"line":21,"column":8},"end":{"line":21,"column":19}},"5":{"start":{"line":23,"column":8},"end":{"line":35,"column":13}},"6":{"start":{"line":24,"column":12},"end":{"line":34,"column":13}},"7":{"start":{"line":25,"column":16},"end":{"line":28,"column":30}},"8":{"start":{"line":30,"column":16},"end":{"line":33,"column":27}},"9":{"start":{"line":37,"column":8},"end":{"line":39,"column":21}},"10":{"start":{"line":40,"column":8},"end":{"line":53,"column":9}},"11":{"start":{"line":43,"column":12},"end":{"line":46,"column":14}},"12":{"start":{"line":47,"column":12},"end":{"line":47,"column":18}},"13":{"start":{"line":50,"column":12},"end":{"line":51,"column":33}},"14":{"start":{"line":52,"column":12},"end":{"line":52,"column":18}},"15":{"start":{"line":55,"column":8},"end":{"line":55,"column":35}},"16":{"start":{"line":61,"column":4},"end":{"line":63,"column":9}},"17":{"start":{"line":62,"column":8},"end":{"line":62,"column":15}},"18":{"start":{"line":64,"column":4},"end":{"line":77,"column":5}},"19":{"start":{"line":70,"column":8},"end":{"line":70,"column":14}},"20":{"start":{"line":76,"column":8},"end":{"line":76,"column":14}},"21":{"start":{"line":82,"column":4},"end":{"line":84,"column":9}},"22":{"start":{"line":83,"column":8},"end":{"line":83,"column":15}},"23":{"start":{"line":85,"column":4},"end":{"line":194,"column":5}},"24":{"start":{"line":91,"column":8},"end":{"line":99,"column":10}},"25":{"start":{"line":98,"column":12},"end":{"line":98,"column":35}},"26":{"start":{"line":102,"column":8},"end":{"line":104,"column":63}},"27":{"start":{"line":105,"column":8},"end":{"line":105,"column":14}},"28":{"start":{"line":112,"column":8},"end":{"line":121,"column":10},"skip":true},"29":{"start":{"line":119,"column":12},"end":{"line":119,"column":55},"skip":true},"30":{"start":{"line":120,"column":12},"end":{"line":120,"column":48},"skip":true},"31":{"start":{"line":123,"column":8},"end":{"line":136,"column":10},"skip":true},"32":{"start":{"line":130,"column":12},"end":{"line":130,"column":76},"skip":true},"33":{"start":{"line":131,"column":12},"end":{"line":131,"column":73},"skip":true},"34":{"start":{"line":132,"column":12},"end":{"line":132,"column":74},"skip":true},"35":{"start":{"line":133,"column":12},"end":{"line":133,"column":79},"skip":true},"36":{"start":{"line":134,"column":12},"end":{"line":134,"column":25},"skip":true},"37":{"start":{"line":135,"column":12},"end":{"line":135,"column":45},"skip":true},"38":{"start":{"line":138,"column":8},"end":{"line":145,"column":14},"skip":true},"39":{"start":{"line":143,"column":16},"end":{"line":143,"column":29},"skip":true},"40":{"start":{"line":144,"column":16},"end":{"line":144,"column":55},"skip":true},"41":{"start":{"line":147,"column":8},"end":{"line":156,"column":10},"skip":true},"42":{"start":{"line":154,"column":12},"end":{"line":154,"column":25},"skip":true},"43":{"start":{"line":155,"column":12},"end":{"line":155,"column":45},"skip":true},"44":{"start":{"line":158,"column":8},"end":{"line":167,"column":10},"skip":true},"45":{"start":{"line":165,"column":12},"end":{"line":165,"column":25},"skip":true},"46":{"start":{"line":166,"column":12},"end":{"line":166,"column":48},"skip":true},"47":{"start":{"line":169,"column":8},"end":{"line":178,"column":10},"skip":true},"48":{"start":{"line":176,"column":12},"end":{"line":176,"column":25},"skip":true},"49":{"start":{"line":177,"column":12},"end":{"line":177,"column":46},"skip":true},"50":{"start":{"line":180,"column":8},"end":{"line":189,"column":10},"skip":true},"51":{"start":{"line":187,"column":12},"end":{"line":187,"column":94},"skip":true},"52":{"start":{"line":188,"column":12},"end":{"line":188,"column":48},"skip":true},"53":{"start":{"line":192,"column":8},"end":{"line":192,"column":35},"skip":true},"54":{"start":{"line":193,"column":8},"end":{"line":193,"column":14},"skip":true}},"branchMap":{"1":{"line":25,"type":"binary-expr","locations":[{"start":{"line":25,"column":23},"end":{"line":25,"column":62}},{"start":{"line":26,"column":20},"end":{"line":26,"column":70}},{"start":{"line":27,"column":20},"end":{"line":27,"column":71}},{"start":{"line":28,"column":20},"end":{"line":28,"column":29}}]},"2":{"line":30,"type":"binary-expr","locations":[{"start":{"line":30,"column":23},"end":{"line":30,"column":37}},{"start":{"line":31,"column":20},"end":{"line":31,"column":61}},{"start":{"line":32,"column":20},"end":{"line":32,"column":70}},{"start":{"line":33,"column":20},"end":{"line":33,"column":26}}]},"3":{"line":37,"type":"cond-expr","locations":[{"start":{"line":38,"column":14},"end":{"line":38,"column":20}},{"start":{"line":39,"column":14},"end":{"line":39,"column":20}}]},"4":{"line":40,"type":"switch","locations":[{"start":{"line":42,"column":8},"end":{"line":47,"column":18}},{"start":{"line":49,"column":8},"end":{"line":52,"column":18}}]},"5":{"line":44,"type":"binary-expr","locations":[{"start":{"line":44,"column":16},"end":{"line":44,"column":44}},{"start":{"line":44,"column":48},"end":{"line":44,"column":66}}]},"6":{"line":50,"type":"binary-expr","locations":[{"start":{"line":50,"column":21},"end":{"line":50,"column":49}},{"start":{"line":50,"column":53},"end":{"line":50,"column":72}}]},"7":{"line":64,"type":"switch","locations":[{"start":{"line":69,"column":4},"end":{"line":70,"column":14}},{"start":{"line":75,"column":4},"end":{"line":76,"column":14}}]},"8":{"line":85,"type":"switch","locations":[{"start":{"line":90,"column":4},"end":{"line":105,"column":14}},{"start":{"line":111,"column":4},"end":{"line":193,"column":14},"skip":true}]},"9":{"line":91,"type":"binary-expr","locations":[{"start":{"line":91,"column":42},"end":{"line":91,"column":73}},{"start":{"line":91,"column":77},"end":{"line":99,"column":9}}]},"10":{"line":102,"type":"binary-expr","locations":[{"start":{"line":102,"column":18},"end":{"line":102,"column":32}},{"start":{"line":103,"column":12},"end":{"line":103,"column":53}},{"start":{"line":104,"column":12},"end":{"line":104,"column":61}}]},"11":{"line":112,"type":"binary-expr","locations":[{"start":{"line":112,"column":45},"end":{"line":112,"column":79},"skip":true},{"start":{"line":112,"column":83},"end":{"line":121,"column":9},"skip":true}]},"12":{"line":123,"type":"binary-expr","locations":[{"start":{"line":123,"column":42},"end":{"line":123,"column":73},"skip":true},{"start":{"line":123,"column":77},"end":{"line":136,"column":9},"skip":true}]},"13":{"line":138,"type":"binary-expr","locations":[{"start":{"line":138,"column":48},"end":{"line":138,"column":85},"skip":true},{"start":{"line":139,"column":12},"end":{"line":145,"column":13},"skip":true}]},"14":{"line":147,"type":"binary-expr","locations":[{"start":{"line":147,"column":42},"end":{"line":147,"column":73},"skip":true},{"start":{"line":147,"column":77},"end":{"line":156,"column":9},"skip":true}]},"15":{"line":158,"type":"binary-expr","locations":[{"start":{"line":158,"column":45},"end":{"line":158,"column":79},"skip":true},{"start":{"line":158,"column":83},"end":{"line":167,"column":9},"skip":true}]},"16":{"line":169,"type":"binary-expr","locations":[{"start":{"line":169,"column":43},"end":{"line":169,"column":75},"skip":true},{"start":{"line":169,"column":79},"end":{"line":178,"column":9},"skip":true}]},"17":{"line":180,"type":"binary-expr","locations":[{"start":{"line":180,"column":41},"end":{"line":180,"column":71},"skip":true},{"start":{"line":180,"column":75},"end":{"line":189,"column":9},"skip":true}]}},"code":["/* istanbul instrument in package npmtest_potter */","/*jslint","    bitwise: true,","    browser: true,","    maxerr: 8,","    maxlen: 96,","    node: true,","    nomen: true,","    regexp: true,","    stupid: true","*/","(function () {","    'use strict';","    var local;","","","","    // run shared js-env code - pre-init","    (function () {","        // init local","        local = {};","        // init modeJs","        local.modeJs = (function () {","            try {","                return typeof navigator.userAgent === 'string' &&","                    typeof document.querySelector('body') === 'object' &&","                    typeof XMLHttpRequest.prototype.open === 'function' &&","                    'browser';","            } catch (errorCaughtBrowser) {","                return module.exports &&","                    typeof process.versions.node === 'string' &&","                    typeof require('http').createServer === 'function' &&","                    'node';","            }","        }());","        // init global","        local.global = local.modeJs === 'browser'","            ? window","            : global;","        switch (local.modeJs) {","        // re-init local from window.local","        case 'browser':","            local = local.global.utility2.objectSetDefault(","                local.global.utility2_rollup || local.global.local,","                local.global.utility2","            );","            break;","        // re-init local from example.js","        case 'node':","            local = (local.global.utility2_rollup || require('utility2'))","                .requireReadme();","            break;","        }","        // export local","        local.global.local = local;","    }());","","","","    // run shared js-env code - function","    (function () {","        return;","    }());","    switch (local.modeJs) {","","","","    // run browser js-env code - function","    case 'browser':","        break;","","","","    // run node js-env code - function","    case 'node':","        break;","    }","","","","    // run shared js-env code - post-init","    (function () {","        return;","    }());","    switch (local.modeJs) {","","","","    // run browser js-env code - post-init","    case 'browser':","        local.testCase_browser_nullCase = local.testCase_browser_nullCase || function (","            options,","            onError","        ) {","        /*","         * this function will test browsers's null-case handling-behavior-behavior","         */","            onError(null, options);","        };","","        // run tests","        local.nop(local.modeTest &&","            document.querySelector('#testRunButton1') &&","            document.querySelector('#testRunButton1').click());","        break;","","","","    // run node js-env code - post-init","    /* istanbul ignore next */","    case 'node':","        local.testCase_buildApidoc_default = local.testCase_buildApidoc_default || function (","            options,","            onError","        ) {","        /*","         * this function will test buildApidoc's default handling-behavior-behavior","         */","            options = { modulePathList: module.paths };","            local.buildApidoc(options, onError);","        };","","        local.testCase_buildApp_default = local.testCase_buildApp_default || function (","            options,","            onError","        ) {","        /*","         * this function will test buildApp's default handling-behavior-behavior","         */","            local.testCase_buildReadme_default(options, local.onErrorThrow);","            local.testCase_buildLib_default(options, local.onErrorThrow);","            local.testCase_buildTest_default(options, local.onErrorThrow);","            local.testCase_buildCustomOrg_default(options, local.onErrorThrow);","            options = [];","            local.buildApp(options, onError);","        };","","        local.testCase_buildCustomOrg_default = local.testCase_buildCustomOrg_default ||","            function (options, onError) {","            /*","             * this function will test buildCustomOrg's default handling-behavior","             */","                options = {};","                local.buildCustomOrg(options, onError);","            };","","        local.testCase_buildLib_default = local.testCase_buildLib_default || function (","            options,","            onError","        ) {","        /*","         * this function will test buildLib's default handling-behavior","         */","            options = {};","            local.buildLib(options, onError);","        };","","        local.testCase_buildReadme_default = local.testCase_buildReadme_default || function (","            options,","            onError","        ) {","        /*","         * this function will test buildReadme's default handling-behavior-behavior","         */","            options = {};","            local.buildReadme(options, onError);","        };","","        local.testCase_buildTest_default = local.testCase_buildTest_default || function (","            options,","            onError","        ) {","        /*","         * this function will test buildTest's default handling-behavior","         */","            options = {};","            local.buildTest(options, onError);","        };","","        local.testCase_webpage_default = local.testCase_webpage_default || function (","            options,","            onError","        ) {","        /*","         * this function will test webpage's default handling-behavior","         */","            options = { modeCoverageMerge: true, url: local.serverLocalHost + '?modeTest=1' };","            local.browserTest(options, onError);","        };","","        // run test-server","        local.testRunServer(local);","        break;","    }","}());",""],"l":{"12":2,"14":2,"19":2,"21":2,"23":2,"24":2,"25":2,"30":1,"37":2,"40":2,"43":1,"47":1,"50":1,"52":1,"55":2,"61":2,"62":2,"64":2,"70":1,"76":1,"82":2,"83":2,"85":2,"91":1,"98":1,"102":1,"105":1,"112":1,"119":1,"120":1,"123":1,"130":1,"131":1,"132":1,"133":1,"134":1,"135":1,"138":1,"143":2,"144":2,"147":1,"154":2,"155":2,"158":1,"165":2,"166":2,"169":1,"176":2,"177":2,"180":1,"187":1,"188":1,"192":1,"193":1}},"/home/travis/build/npmtest/node-npmtest-potter/lib.npmtest_potter.js":{"path":"/home/travis/build/npmtest/node-npmtest-potter/lib.npmtest_potter.js","s":{"1":2,"2":2,"3":2,"4":2,"5":2,"6":2,"7":2,"8":1,"9":2,"10":2,"11":2,"12":2,"13":1,"14":1,"15":1,"16":1},"b":{"1":[2,1,1,1],"2":[1,1,1,1],"3":[1,1],"4":[2,2],"5":[1,1]},"f":{"1":2,"2":2,"3":2},"fnMap":{"1":{"name":"(anonymous_1)","line":12,"loc":{"start":{"line":12,"column":1},"end":{"line":12,"column":13}}},"2":{"name":"(anonymous_2)","line":19,"loc":{"start":{"line":19,"column":5},"end":{"line":19,"column":17}}},"3":{"name":"(anonymous_3)","line":23,"loc":{"start":{"line":23,"column":24},"end":{"line":23,"column":36}}}},"statementMap":{"1":{"start":{"line":12,"column":0},"end":{"line":53,"column":5}},"2":{"start":{"line":14,"column":4},"end":{"line":14,"column":14}},"3":{"start":{"line":19,"column":4},"end":{"line":52,"column":9}},"4":{"start":{"line":21,"column":8},"end":{"line":21,"column":19}},"5":{"start":{"line":23,"column":8},"end":{"line":35,"column":13}},"6":{"start":{"line":24,"column":12},"end":{"line":34,"column":13}},"7":{"start":{"line":25,"column":16},"end":{"line":28,"column":30}},"8":{"start":{"line":30,"column":16},"end":{"line":33,"column":27}},"9":{"start":{"line":37,"column":8},"end":{"line":39,"column":21}},"10":{"start":{"line":41,"column":8},"end":{"line":41,"column":54}},"11":{"start":{"line":43,"column":8},"end":{"line":43,"column":51}},"12":{"start":{"line":45,"column":8},"end":{"line":51,"column":9}},"13":{"start":{"line":46,"column":12},"end":{"line":46,"column":57}},"14":{"start":{"line":48,"column":12},"end":{"line":48,"column":35}},"15":{"start":{"line":49,"column":12},"end":{"line":49,"column":49}},"16":{"start":{"line":50,"column":12},"end":{"line":50,"column":43}}},"branchMap":{"1":{"line":25,"type":"binary-expr","locations":[{"start":{"line":25,"column":23},"end":{"line":25,"column":62}},{"start":{"line":26,"column":20},"end":{"line":26,"column":70}},{"start":{"line":27,"column":20},"end":{"line":27,"column":71}},{"start":{"line":28,"column":20},"end":{"line":28,"column":29}}]},"2":{"line":30,"type":"binary-expr","locations":[{"start":{"line":30,"column":23},"end":{"line":30,"column":37}},{"start":{"line":31,"column":20},"end":{"line":31,"column":61}},{"start":{"line":32,"column":20},"end":{"line":32,"column":70}},{"start":{"line":33,"column":20},"end":{"line":33,"column":26}}]},"3":{"line":37,"type":"cond-expr","locations":[{"start":{"line":38,"column":14},"end":{"line":38,"column":20}},{"start":{"line":39,"column":14},"end":{"line":39,"column":20}}]},"4":{"line":41,"type":"binary-expr","locations":[{"start":{"line":41,"column":16},"end":{"line":41,"column":44}},{"start":{"line":41,"column":48},"end":{"line":41,"column":53}}]},"5":{"line":45,"type":"if","locations":[{"start":{"line":45,"column":8},"end":{"line":45,"column":8}},{"start":{"line":45,"column":8},"end":{"line":45,"column":8}}]}},"code":["/* istanbul instrument in package npmtest_potter */","/*jslint","    bitwise: true,","    browser: true,","    maxerr: 8,","    maxlen: 96,","    node: true,","    nomen: true,","    regexp: true,","    stupid: true","*/","(function () {","    'use strict';","    var local;","","","","    // run shared js-env code - pre-init","    (function () {","        // init local","        local = {};","        // init modeJs","        local.modeJs = (function () {","            try {","                return typeof navigator.userAgent === 'string' &&","                    typeof document.querySelector('body') === 'object' &&","                    typeof XMLHttpRequest.prototype.open === 'function' &&","                    'browser';","            } catch (errorCaughtBrowser) {","                return module.exports &&","                    typeof process.versions.node === 'string' &&","                    typeof require('http').createServer === 'function' &&","                    'node';","            }","        }());","        // init global","        local.global = local.modeJs === 'browser'","            ? window","            : global;","        // init utility2_rollup","        local = local.global.utility2_rollup || local;","        // init lib","        local.local = local.npmtest_potter = local;","        // init exports","        if (local.modeJs === 'browser') {","            local.global.utility2_npmtest_potter = local;","        } else {","            module.exports = local;","            module.exports.__dirname = __dirname;","            module.exports.module = module;","        }","    }());","}());",""],"l":{"12":2,"14":2,"19":2,"21":2,"23":2,"24":2,"25":2,"30":1,"37":2,"41":2,"43":2,"45":2,"46":1,"48":1,"49":1,"50":1}},"/home/travis/build/npmtest/node-npmtest-potter/example.js":{"path":"/home/travis/build/npmtest/node-npmtest-potter/example.js","s":{"1":2,"2":2,"3":2,"4":2,"5":2,"6":2,"7":2,"8":1,"9":2,"10":2,"11":2,"12":2,"13":1,"14":2,"15":2,"16":2,"17":2,"18":2,"19":0,"20":2,"21":1,"22":1,"23":1,"24":1,"25":1,"26":0,"27":0,"28":1,"29":1,"30":2,"31":0,"32":0,"33":0,"34":1,"35":2,"36":2,"37":3,"38":3,"39":3,"40":3,"41":0,"42":3,"43":3,"44":3,"45":1,"46":3,"47":1,"48":1,"49":1,"50":1,"51":1,"52":1,"53":1,"54":1,"55":1,"56":1,"57":0,"58":1,"59":6,"60":6,"61":1,"62":2,"63":0,"64":2,"65":1,"66":1,"67":0,"68":0,"69":0,"70":0,"71":0,"72":0,"73":0,"74":0,"75":0,"76":0,"77":0,"78":0,"79":0,"80":0,"81":0,"82":0,"83":0},"b":{"1":[2,1,1,1],"2":[1,1,1,1],"3":[1,1],"4":[2,2],"5":[1,1],"6":[1,1],"7":[2,0],"8":[2,1,1,1,1,1],"9":[0,2,0],"10":[1,1],"11":[2,1,1],"12":[1,0],"13":[0,2],"14":[2,0,0,0,0,0,0],"15":[0,3],"16":[3,0],"17":[1,1],"18":[0,1],"19":[1,2,0,2],"20":[1,0],"21":[1,1],"22":[0,0],"23":[0,0],"24":[0,0],"25":[0,0],"26":[0,0],"27":[0,0],"28":[0,0]},"f":{"1":2,"2":2,"3":2,"4":2,"5":2,"6":2,"7":3,"8":3,"9":3,"10":1,"11":6,"12":0},"fnMap":{"1":{"name":"(anonymous_1)","line":26,"loc":{"start":{"line":26,"column":1},"end":{"line":26,"column":13}}},"2":{"name":"(anonymous_2)","line":33,"loc":{"start":{"line":33,"column":5},"end":{"line":33,"column":17}}},"3":{"name":"(anonymous_3)","line":37,"loc":{"start":{"line":37,"column":24},"end":{"line":37,"column":36}}},"4":{"name":"(anonymous_4)","line":69,"loc":{"start":{"line":69,"column":31},"end":{"line":69,"column":48}},"skip":true},"5":{"name":"(anonymous_5)","line":78,"loc":{"start":{"line":78,"column":26},"end":{"line":78,"column":45}},"skip":true},"6":{"name":"(anonymous_6)","line":123,"loc":{"start":{"line":123,"column":33},"end":{"line":123,"column":48}},"skip":true},"7":{"name":"(anonymous_7)","line":125,"loc":{"start":{"line":125,"column":27},"end":{"line":125,"column":39}},"skip":true},"8":{"name":"(anonymous_8)","line":133,"loc":{"start":{"line":133,"column":59},"end":{"line":133,"column":74}},"skip":true},"9":{"name":"(anonymous_9)","line":143,"loc":{"start":{"line":143,"column":45},"end":{"line":143,"column":62}},"skip":true},"10":{"name":"(anonymous_10)","line":144,"loc":{"start":{"line":144,"column":73},"end":{"line":144,"column":92}},"skip":true},"11":{"name":"(anonymous_11)","line":272,"loc":{"start":{"line":272,"column":51},"end":{"line":272,"column":77}},"skip":true},"12":{"name":"(anonymous_12)","line":315,"loc":{"start":{"line":315,"column":32},"end":{"line":315,"column":61}},"skip":true}},"statementMap":{"1":{"start":{"line":26,"column":0},"end":{"line":326,"column":5}},"2":{"start":{"line":28,"column":4},"end":{"line":28,"column":14}},"3":{"start":{"line":33,"column":4},"end":{"line":60,"column":9}},"4":{"start":{"line":35,"column":8},"end":{"line":35,"column":19}},"5":{"start":{"line":37,"column":8},"end":{"line":49,"column":13}},"6":{"start":{"line":38,"column":12},"end":{"line":48,"column":13}},"7":{"start":{"line":39,"column":16},"end":{"line":42,"column":30}},"8":{"start":{"line":44,"column":16},"end":{"line":47,"column":27}},"9":{"start":{"line":51,"column":8},"end":{"line":53,"column":21}},"10":{"start":{"line":55,"column":8},"end":{"line":57,"column":45}},"11":{"start":{"line":59,"column":8},"end":{"line":59,"column":35}},"12":{"start":{"line":61,"column":4},"end":{"line":325,"column":5}},"13":{"start":{"line":69,"column":8},"end":{"line":121,"column":10},"skip":true},"14":{"start":{"line":70,"column":12},"end":{"line":88,"column":13},"skip":true},"15":{"start":{"line":76,"column":16},"end":{"line":87,"column":19},"skip":true},"16":{"start":{"line":79,"column":20},"end":{"line":86,"column":21},"skip":true},"17":{"start":{"line":82,"column":24},"end":{"line":82,"column":43},"skip":true},"18":{"start":{"line":83,"column":24},"end":{"line":83,"column":30},"skip":true},"19":{"start":{"line":85,"column":24},"end":{"line":85,"column":49},"skip":true},"20":{"start":{"line":89,"column":12},"end":{"line":107,"column":13},"skip":true},"21":{"start":{"line":92,"column":16},"end":{"line":102,"column":17},"skip":true},"22":{"start":{"line":93,"column":20},"end":{"line":93,"column":86},"skip":true},"23":{"start":{"line":94,"column":20},"end":{"line":95,"column":45},"skip":true},"24":{"start":{"line":96,"column":20},"end":{"line":96,"column":42},"skip":true},"25":{"start":{"line":97,"column":20},"end":{"line":97,"column":48},"skip":true},"26":{"start":{"line":100,"column":20},"end":{"line":100,"column":85},"skip":true},"27":{"start":{"line":101,"column":20},"end":{"line":101,"column":96},"skip":true},"28":{"start":{"line":103,"column":16},"end":{"line":103,"column":22},"skip":true},"29":{"start":{"line":106,"column":16},"end":{"line":106,"column":22},"skip":true},"30":{"start":{"line":108,"column":12},"end":{"line":120,"column":13},"skip":true},"31":{"start":{"line":114,"column":16},"end":{"line":119,"column":17},"skip":true},"32":{"start":{"line":116,"column":20},"end":{"line":116,"column":78},"skip":true},"33":{"start":{"line":118,"column":20},"end":{"line":118,"column":47},"skip":true},"34":{"start":{"line":123,"column":8},"end":{"line":141,"column":11},"skip":true},"35":{"start":{"line":124,"column":12},"end":{"line":124,"column":54},"skip":true},"36":{"start":{"line":125,"column":12},"end":{"line":140,"column":14},"skip":true},"37":{"start":{"line":126,"column":16},"end":{"line":126,"column":28},"skip":true},"38":{"start":{"line":127,"column":16},"end":{"line":127,"column":69},"skip":true},"39":{"start":{"line":128,"column":16},"end":{"line":128,"column":75},"skip":true},"40":{"start":{"line":129,"column":16},"end":{"line":131,"column":17},"skip":true},"41":{"start":{"line":130,"column":20},"end":{"line":130,"column":27},"skip":true},"42":{"start":{"line":133,"column":16},"end":{"line":137,"column":36},"skip":true},"43":{"start":{"line":134,"column":20},"end":{"line":136,"column":55},"skip":true},"44":{"start":{"line":139,"column":16},"end":{"line":139,"column":57},"skip":true},"45":{"start":{"line":143,"column":8},"end":{"line":147,"column":11},"skip":true},"46":{"start":{"line":144,"column":12},"end":{"line":146,"column":15},"skip":true},"47":{"start":{"line":145,"column":16},"end":{"line":145,"column":70},"skip":true},"48":{"start":{"line":149,"column":8},"end":{"line":149,"column":31},"skip":true},"49":{"start":{"line":150,"column":8},"end":{"line":150,"column":14},"skip":true},"50":{"start":{"line":158,"column":8},"end":{"line":158,"column":31},"skip":true},"51":{"start":{"line":160,"column":8},"end":{"line":160,"column":33},"skip":true},"52":{"start":{"line":161,"column":8},"end":{"line":161,"column":37},"skip":true},"53":{"start":{"line":162,"column":8},"end":{"line":162,"column":35},"skip":true},"54":{"start":{"line":164,"column":8},"end":{"line":164,"column":50},"skip":true},"55":{"start":{"line":166,"column":8},"end":{"line":256,"column":2},"skip":true},"56":{"start":{"line":258,"column":8},"end":{"line":286,"column":9},"skip":true},"57":{"start":{"line":259,"column":12},"end":{"line":269,"column":14},"skip":true},"58":{"start":{"line":271,"column":12},"end":{"line":285,"column":19},"skip":true},"59":{"start":{"line":274,"column":20},"end":{"line":274,"column":35},"skip":true},"60":{"start":{"line":275,"column":20},"end":{"line":284,"column":21},"skip":true},"61":{"start":{"line":277,"column":24},"end":{"line":277,"column":64},"skip":true},"62":{"start":{"line":279,"column":24},"end":{"line":279,"column":40},"skip":true},"63":{"start":{"line":281,"column":24},"end":{"line":281,"column":40},"skip":true},"64":{"start":{"line":283,"column":24},"end":{"line":283,"column":39},"skip":true},"65":{"start":{"line":288,"column":8},"end":{"line":290,"column":9},"skip":true},"66":{"start":{"line":289,"column":12},"end":{"line":289,"column":18},"skip":true},"67":{"start":{"line":291,"column":8},"end":{"line":293,"column":54},"skip":true},"68":{"start":{"line":296,"column":8},"end":{"line":301,"column":37},"skip":true},"69":{"start":{"line":303,"column":8},"end":{"line":303,"column":82},"skip":true},"70":{"start":{"line":306,"column":8},"end":{"line":308,"column":9},"skip":true},"71":{"start":{"line":307,"column":12},"end":{"line":307,"column":82},"skip":true},"72":{"start":{"line":310,"column":8},"end":{"line":312,"column":9},"skip":true},"73":{"start":{"line":311,"column":12},"end":{"line":311,"column":18},"skip":true},"74":{"start":{"line":313,"column":8},"end":{"line":313,"column":54},"skip":true},"75":{"start":{"line":314,"column":8},"end":{"line":314,"column":69},"skip":true},"76":{"start":{"line":315,"column":8},"end":{"line":323,"column":36},"skip":true},"77":{"start":{"line":316,"column":12},"end":{"line":316,"column":61},"skip":true},"78":{"start":{"line":317,"column":12},"end":{"line":320,"column":13},"skip":true},"79":{"start":{"line":318,"column":16},"end":{"line":318,"column":75},"skip":true},"80":{"start":{"line":319,"column":16},"end":{"line":319,"column":23},"skip":true},"81":{"start":{"line":321,"column":12},"end":{"line":321,"column":38},"skip":true},"82":{"start":{"line":322,"column":12},"end":{"line":322,"column":27},"skip":true},"83":{"start":{"line":324,"column":8},"end":{"line":324,"column":14},"skip":true}},"branchMap":{"1":{"line":39,"type":"binary-expr","locations":[{"start":{"line":39,"column":23},"end":{"line":39,"column":62}},{"start":{"line":40,"column":20},"end":{"line":40,"column":70}},{"start":{"line":41,"column":20},"end":{"line":41,"column":71}},{"start":{"line":42,"column":20},"end":{"line":42,"column":29}}]},"2":{"line":44,"type":"binary-expr","locations":[{"start":{"line":44,"column":23},"end":{"line":44,"column":37}},{"start":{"line":45,"column":20},"end":{"line":45,"column":61}},{"start":{"line":46,"column":20},"end":{"line":46,"column":70}},{"start":{"line":47,"column":20},"end":{"line":47,"column":26}}]},"3":{"line":51,"type":"cond-expr","locations":[{"start":{"line":52,"column":14},"end":{"line":52,"column":20}},{"start":{"line":53,"column":14},"end":{"line":53,"column":20}}]},"4":{"line":55,"type":"binary-expr","locations":[{"start":{"line":55,"column":16},"end":{"line":55,"column":44}},{"start":{"line":55,"column":49},"end":{"line":57,"column":43}}]},"5":{"line":55,"type":"cond-expr","locations":[{"start":{"line":56,"column":14},"end":{"line":56,"column":50}},{"start":{"line":57,"column":14},"end":{"line":57,"column":43}}]},"6":{"line":61,"type":"switch","locations":[{"start":{"line":68,"column":4},"end":{"line":150,"column":14},"skip":true},{"start":{"line":156,"column":4},"end":{"line":324,"column":14},"skip":true}]},"7":{"line":70,"type":"if","locations":[{"start":{"line":70,"column":12},"end":{"line":70,"column":12},"skip":true},{"start":{"line":70,"column":12},"end":{"line":70,"column":12},"skip":true}]},"8":{"line":70,"type":"binary-expr","locations":[{"start":{"line":70,"column":16},"end":{"line":70,"column":22},"skip":true},{"start":{"line":70,"column":27},"end":{"line":70,"column":32},"skip":true},{"start":{"line":71,"column":20},"end":{"line":71,"column":39},"skip":true},{"start":{"line":72,"column":20},"end":{"line":72,"column":49},"skip":true},{"start":{"line":73,"column":20},"end":{"line":73,"column":58},"skip":true},{"start":{"line":74,"column":20},"end":{"line":74,"column":69},"skip":true}]},"9":{"line":79,"type":"switch","locations":[{"start":{"line":80,"column":20},"end":{"line":80,"column":33},"skip":true},{"start":{"line":81,"column":20},"end":{"line":83,"column":30},"skip":true},{"start":{"line":84,"column":20},"end":{"line":85,"column":49},"skip":true}]},"10":{"line":89,"type":"switch","locations":[{"start":{"line":90,"column":12},"end":{"line":103,"column":22},"skip":true},{"start":{"line":105,"column":12},"end":{"line":106,"column":22},"skip":true}]},"11":{"line":89,"type":"binary-expr","locations":[{"start":{"line":89,"column":20},"end":{"line":89,"column":25},"skip":true},{"start":{"line":89,"column":29},"end":{"line":89,"column":48},"skip":true},{"start":{"line":89,"column":52},"end":{"line":89,"column":74},"skip":true}]},"12":{"line":92,"type":"if","locations":[{"start":{"line":92,"column":16},"end":{"line":92,"column":16},"skip":true},{"start":{"line":92,"column":16},"end":{"line":92,"column":16},"skip":true}]},"13":{"line":108,"type":"if","locations":[{"start":{"line":108,"column":12},"end":{"line":108,"column":12},"skip":true},{"start":{"line":108,"column":12},"end":{"line":108,"column":12},"skip":true}]},"14":{"line":108,"type":"binary-expr","locations":[{"start":{"line":108,"column":16},"end":{"line":108,"column":61},"skip":true},{"start":{"line":108,"column":66},"end":{"line":108,"column":72},"skip":true},{"start":{"line":108,"column":77},"end":{"line":108,"column":82},"skip":true},{"start":{"line":109,"column":20},"end":{"line":109,"column":39},"skip":true},{"start":{"line":110,"column":20},"end":{"line":110,"column":49},"skip":true},{"start":{"line":111,"column":20},"end":{"line":111,"column":58},"skip":true},{"start":{"line":112,"column":20},"end":{"line":112,"column":68},"skip":true}]},"15":{"line":129,"type":"if","locations":[{"start":{"line":129,"column":16},"end":{"line":129,"column":16},"skip":true},{"start":{"line":129,"column":16},"end":{"line":129,"column":16},"skip":true}]},"16":{"line":134,"type":"cond-expr","locations":[{"start":{"line":135,"column":26},"end":{"line":135,"column":29},"skip":true},{"start":{"line":136,"column":26},"end":{"line":136,"column":54},"skip":true}]},"17":{"line":164,"type":"binary-expr","locations":[{"start":{"line":164,"column":27},"end":{"line":164,"column":43},"skip":true},{"start":{"line":164,"column":47},"end":{"line":164,"column":49},"skip":true}]},"18":{"line":258,"type":"if","locations":[{"start":{"line":258,"column":8},"end":{"line":258,"column":8},"skip":true},{"start":{"line":258,"column":8},"end":{"line":258,"column":8},"skip":true}]},"19":{"line":275,"type":"switch","locations":[{"start":{"line":276,"column":20},"end":{"line":277,"column":64},"skip":true},{"start":{"line":278,"column":20},"end":{"line":279,"column":40},"skip":true},{"start":{"line":280,"column":20},"end":{"line":281,"column":40},"skip":true},{"start":{"line":282,"column":20},"end":{"line":283,"column":39},"skip":true}]},"20":{"line":288,"type":"if","locations":[{"start":{"line":288,"column":8},"end":{"line":288,"column":8},"skip":true},{"start":{"line":288,"column":8},"end":{"line":288,"column":8},"skip":true}]},"21":{"line":288,"type":"binary-expr","locations":[{"start":{"line":288,"column":12},"end":{"line":288,"column":40},"skip":true},{"start":{"line":288,"column":44},"end":{"line":288,"column":67},"skip":true}]},"22":{"line":292,"type":"binary-expr","locations":[{"start":{"line":292,"column":12},"end":{"line":292,"column":50},"skip":true},{"start":{"line":293,"column":12},"end":{"line":293,"column":53},"skip":true}]},"23":{"line":297,"type":"binary-expr","locations":[{"start":{"line":297,"column":12},"end":{"line":297,"column":64},"skip":true},{"start":{"line":298,"column":12},"end":{"line":301,"column":36},"skip":true}]},"24":{"line":303,"type":"binary-expr","locations":[{"start":{"line":303,"column":43},"end":{"line":303,"column":75},"skip":true},{"start":{"line":303,"column":79},"end":{"line":303,"column":81},"skip":true}]},"25":{"line":306,"type":"if","locations":[{"start":{"line":306,"column":8},"end":{"line":306,"column":8},"skip":true},{"start":{"line":306,"column":8},"end":{"line":306,"column":8},"skip":true}]},"26":{"line":310,"type":"if","locations":[{"start":{"line":310,"column":8},"end":{"line":310,"column":8},"skip":true},{"start":{"line":310,"column":8},"end":{"line":310,"column":8},"skip":true}]},"27":{"line":313,"type":"binary-expr","locations":[{"start":{"line":313,"column":27},"end":{"line":313,"column":43},"skip":true},{"start":{"line":313,"column":47},"end":{"line":313,"column":53},"skip":true}]},"28":{"line":317,"type":"if","locations":[{"start":{"line":317,"column":12},"end":{"line":317,"column":12},"skip":true},{"start":{"line":317,"column":12},"end":{"line":317,"column":12},"skip":true}]}},"code":["/*","example.js","","quickstart example","","instruction","    1. save this script as example.js","    2. run the shell command:","        $ npm install npmtest-potter && PORT=8081 node example.js","    3. play with the browser-demo on http://127.0.0.1:8081","*/","","","","/* istanbul instrument in package npmtest_potter */","/*jslint","    bitwise: true,","    browser: true,","    maxerr: 8,","    maxlen: 96,","    node: true,","    nomen: true,","    regexp: true,","    stupid: true","*/","(function () {","    'use strict';","    var local;","","","","    // run shared js-env code - pre-init","    (function () {","        // init local","        local = {};","        // init modeJs","        local.modeJs = (function () {","            try {","                return typeof navigator.userAgent === 'string' &&","                    typeof document.querySelector('body') === 'object' &&","                    typeof XMLHttpRequest.prototype.open === 'function' &&","                    'browser';","            } catch (errorCaughtBrowser) {","                return module.exports &&","                    typeof process.versions.node === 'string' &&","                    typeof require('http').createServer === 'function' &&","                    'node';","            }","        }());","        // init global","        local.global = local.modeJs === 'browser'","            ? window","            : global;","        // init utility2_rollup","        local = local.global.utility2_rollup || (local.modeJs === 'browser'","            ? local.global.utility2_npmtest_potter","            : global.utility2_moduleExports);","        // export local","        local.global.local = local;","    }());","    switch (local.modeJs) {","","","","    // post-init","    // run browser js-env code - post-init","    /* istanbul ignore next */","    case 'browser':","        local.testRunBrowser = function (event) {","            if (!event || (event &&","                    event.currentTarget &&","                    event.currentTarget.className &&","                    event.currentTarget.className.includes &&","                    event.currentTarget.className.includes('onreset'))) {","                // reset output","                Array.from(","                    document.querySelectorAll('body > .resettable')","                ).forEach(function (element) {","                    switch (element.tagName) {","                    case 'INPUT':","                    case 'TEXTAREA':","                        element.value = '';","                        break;","                    default:","                        element.textContent = '';","                    }","                });","            }","            switch (event && event.currentTarget && event.currentTarget.id) {","            case 'testRunButton1':","                // show tests","                if (document.querySelector('#testReportDiv1').style.display === 'none') {","                    document.querySelector('#testReportDiv1').style.display = 'block';","                    document.querySelector('#testRunButton1').textContent =","                        'hide internal test';","                    local.modeTest = true;","                    local.testRunDefault(local);","                // hide tests","                } else {","                    document.querySelector('#testReportDiv1').style.display = 'none';","                    document.querySelector('#testRunButton1').textContent = 'run internal test';","                }","                break;","            // custom-case","            default:","                break;","            }","            if (document.querySelector('#inputTextareaEval1') && (!event || (event &&","                    event.currentTarget &&","                    event.currentTarget.className &&","                    event.currentTarget.className.includes &&","                    event.currentTarget.className.includes('oneval')))) {","                // try to eval input-code","                try {","                    /*jslint evil: true*/","                    eval(document.querySelector('#inputTextareaEval1').value);","                } catch (errorCaught) {","                    console.error(errorCaught);","                }","            }","        };","        // log stderr and stdout to #outputTextareaStdout1","        ['error', 'log'].forEach(function (key) {","            console[key + '_original'] = console[key];","            console[key] = function () {","                var element;","                console[key + '_original'].apply(console, arguments);","                element = document.querySelector('#outputTextareaStdout1');","                if (!element) {","                    return;","                }","                // append text to #outputTextareaStdout1","                element.value += Array.from(arguments).map(function (arg) {","                    return typeof arg === 'string'","                        ? arg","                        : JSON.stringify(arg, null, 4);","                }).join(' ') + '\\n';","                // scroll textarea to bottom","                element.scrollTop = element.scrollHeight;","            };","        });","        // init event-handling","        ['change', 'click', 'keyup'].forEach(function (event) {","            Array.from(document.querySelectorAll('.on' + event)).forEach(function (element) {","                element.addEventListener(event, local.testRunBrowser);","            });","        });","        // run tests","        local.testRunBrowser();","        break;","","","","    // run node js-env code - post-init","    /* istanbul ignore next */","    case 'node':","        // export local","        module.exports = local;","        // require modules","        local.fs = require('fs');","        local.http = require('http');","        local.url = require('url');","        // init assets","        local.assetsDict = local.assetsDict || {};","        /* jslint-ignore-begin */","        local.assetsDict['/assets.index.template.html'] = '\\","<!doctype html>\\n\\","<html lang=\"en\">\\n\\","<head>\\n\\","<meta charset=\"UTF-8\">\\n\\","<meta name=\"viewport\" content=\"width=device-width, initial-scale=1\">\\n\\","<title>{{env.npm_package_name}} (v{{env.npm_package_version}})</title>\\n\\","<style>\\n\\","/*csslint\\n\\","    box-sizing: false,\\n\\","    universal-selector: false\\n\\","*/\\n\\","* {\\n\\","    box-sizing: border-box;\\n\\","}\\n\\","body {\\n\\","    background: #dde;\\n\\","    font-family: Arial, Helvetica, sans-serif;\\n\\","    margin: 2rem;\\n\\","}\\n\\","body > * {\\n\\","    margin-bottom: 1rem;\\n\\","}\\n\\",".utility2FooterDiv {\\n\\","    margin-top: 20px;\\n\\","    text-align: center;\\n\\","}\\n\\","</style>\\n\\","<style>\\n\\","/*csslint\\n\\","*/\\n\\","textarea {\\n\\","    font-family: monospace;\\n\\","    height: 10rem;\\n\\","    width: 100%;\\n\\","}\\n\\","textarea[readonly] {\\n\\","    background: #ddd;\\n\\","}\\n\\","</style>\\n\\","</head>\\n\\","<body>\\n\\","<!-- utility2-comment\\n\\","<div id=\"ajaxProgressDiv1\" style=\"background: #d00; height: 2px; left: 0; margin: 0; padding: 0; position: fixed; top: 0; transition: background 0.5s, width 1.5s; width: 25%;\"></div>\\n\\","utility2-comment -->\\n\\","<h1>\\n\\","<!-- utility2-comment\\n\\","    <a\\n\\","        {{#if env.npm_package_homepage}}\\n\\","        href=\"{{env.npm_package_homepage}}\"\\n\\","        {{/if env.npm_package_homepage}}\\n\\","        target=\"_blank\"\\n\\","    >\\n\\","utility2-comment -->\\n\\","        {{env.npm_package_name}} (v{{env.npm_package_version}})\\n\\","<!-- utility2-comment\\n\\","    </a>\\n\\","utility2-comment -->\\n\\","</h1>\\n\\","<h3>{{env.npm_package_description}}</h3>\\n\\","<!-- utility2-comment\\n\\","<h4><a download href=\"assets.app.js\">download standalone app</a></h4>\\n\\","<button class=\"onclick onreset\" id=\"testRunButton1\">run internal test</button><br>\\n\\","<div id=\"testReportDiv1\" style=\"display: none;\"></div>\\n\\","utility2-comment -->\\n\\","\\n\\","\\n\\","\\n\\","<label>stderr and stdout</label>\\n\\","<textarea class=\"resettable\" id=\"outputTextareaStdout1\" readonly></textarea>\\n\\","<!-- utility2-comment\\n\\","{{#if isRollup}}\\n\\","<script src=\"assets.app.js\"></script>\\n\\","{{#unless isRollup}}\\n\\","utility2-comment -->\\n\\","<script src=\"assets.utility2.rollup.js\"></script>\\n\\","<script src=\"jsonp.utility2._stateInit?callback=window.utility2._stateInit\"></script>\\n\\","<script src=\"assets.npmtest_potter.rollup.js\"></script>\\n\\","<script src=\"assets.example.js\"></script>\\n\\","<script src=\"assets.test.js\"></script>\\n\\","<!-- utility2-comment\\n\\","{{/if isRollup}}\\n\\","utility2-comment -->\\n\\","<div class=\"utility2FooterDiv\">\\n\\","    [ this app was created with\\n\\","    <a href=\"https://github.com/kaizhu256/node-utility2\" target=\"_blank\">utility2</a>\\n\\","    ]\\n\\","</div>\\n\\","</body>\\n\\","</html>\\n\\","';","        /* jslint-ignore-end */","        if (local.templateRender) {","            local.assetsDict['/'] = local.templateRender(","                local.assetsDict['/assets.index.template.html'],","                {","                    env: local.objectSetDefault(local.env, {","                        npm_package_description: 'the greatest app in the world!',","                        npm_package_name: 'my-app',","                        npm_package_nameAlias: 'my_app',","                        npm_package_version: '0.0.1'","                    })","                }","            );","        } else {","            local.assetsDict['/'] = local.assetsDict['/assets.index.template.html']","                .replace((/\\{\\{env\\.(\\w+?)\\}\\}/g), function (match0, match1) {","                    // jslint-hack","                    String(match0);","                    switch (match1) {","                    case 'npm_package_description':","                        return 'the greatest app in the world!';","                    case 'npm_package_name':","                        return 'my-app';","                    case 'npm_package_nameAlias':","                        return 'my_app';","                    case 'npm_package_version':","                        return '0.0.1';","                    }","                });","        }","        // run the cli","        if (local.global.utility2_rollup || module !== require.main) {","            break;","        }","        local.assetsDict['/assets.example.js'] =","            local.assetsDict['/assets.example.js'] ||","            local.fs.readFileSync(__filename, 'utf8');","        // bug-workaround - long $npm_package_buildCustomOrg","        /* jslint-ignore-begin */","        local.assetsDict['/assets.npmtest_potter.rollup.js'] =","            local.assetsDict['/assets.npmtest_potter.rollup.js'] ||","            local.fs.readFileSync(","                local.npmtest_potter.__dirname + '/lib.npmtest_potter.js',","                'utf8'","            ).replace((/^#!/), '//');","        /* jslint-ignore-end */","        local.assetsDict['/favicon.ico'] = local.assetsDict['/favicon.ico'] || '';","        // if $npm_config_timeout_exit exists,","        // then exit this process after $npm_config_timeout_exit ms","        if (Number(process.env.npm_config_timeout_exit)) {","            setTimeout(process.exit, Number(process.env.npm_config_timeout_exit));","        }","        // start server","        if (local.global.utility2_serverHttp1) {","            break;","        }","        process.env.PORT = process.env.PORT || '8081';","        console.error('server starting on port ' + process.env.PORT);","        local.http.createServer(function (request, response) {","            request.urlParsed = local.url.parse(request.url);","            if (local.assetsDict[request.urlParsed.pathname] !== undefined) {","                response.end(local.assetsDict[request.urlParsed.pathname]);","                return;","            }","            response.statusCode = 404;","            response.end();","        }).listen(process.env.PORT);","        break;","    }","}());",""],"l":{"26":2,"28":2,"33":2,"35":2,"37":2,"38":2,"39":2,"44":1,"51":2,"55":2,"59":2,"61":2,"69":1,"70":2,"76":2,"79":2,"82":2,"83":2,"85":1,"89":2,"92":1,"93":1,"94":1,"96":1,"97":1,"100":1,"101":1,"103":1,"106":1,"108":2,"114":1,"116":1,"118":1,"123":1,"124":2,"125":2,"126":3,"127":3,"128":3,"129":3,"130":1,"133":3,"134":3,"139":3,"143":1,"144":3,"145":1,"149":1,"150":1,"158":1,"160":1,"161":1,"162":1,"164":1,"166":1,"258":1,"259":1,"271":1,"274":6,"275":6,"277":1,"279":2,"281":1,"283":2,"288":1,"289":1,"291":1,"296":1,"303":1,"306":1,"307":1,"310":1,"311":1,"313":1,"314":1,"315":1,"316":1,"317":1,"318":1,"319":1,"321":1,"322":1,"324":1}},"/home/travis/build/npmtest/node-npmtest-potter/node_modules/potter/cli/cli.js":{"path":"/home/travis/build/npmtest/node-npmtest-potter/node_modules/potter/cli/cli.js","s":{"1":1,"2":1,"3":1,"4":1,"5":1,"6":1,"7":1,"8":1,"9":1,"10":1,"11":1,"12":1,"13":1,"14":1,"15":1,"16":0,"17":1,"18":1,"19":1,"20":1,"21":1,"22":1,"23":1,"24":1,"25":1,"26":1,"27":1,"28":1,"29":0,"30":0,"31":1,"32":1,"33":1,"34":0,"35":0,"36":0,"37":1,"38":1,"39":1,"40":1,"41":1},"b":{"1":[0,1],"2":[1,1,1],"3":[0,1],"4":[0,0],"5":[1,0],"6":[0,0],"7":[1,0]},"f":{"1":1,"2":1,"3":1},"fnMap":{"1":{"name":"callAsCli","line":27,"loc":{"start":{"line":27,"column":0},"end":{"line":27,"column":21}}},"2":{"name":"main","line":38,"loc":{"start":{"line":38,"column":0},"end":{"line":38,"column":20}}},"3":{"name":"callCommand","line":73,"loc":{"start":{"line":73,"column":4},"end":{"line":73,"column":27}}}},"statementMap":{"1":{"start":{"line":3,"column":0},"end":{"line":3,"column":19}},"2":{"start":{"line":5,"column":0},"end":{"line":5,"column":27}},"3":{"start":{"line":6,"column":0},"end":{"line":6,"column":22}},"4":{"start":{"line":8,"column":0},"end":{"line":8,"column":27}},"5":{"start":{"line":9,"column":0},"end":{"line":9,"column":33}},"6":{"start":{"line":10,"column":0},"end":{"line":10,"column":36}},"7":{"start":{"line":11,"column":0},"end":{"line":11,"column":29}},"8":{"start":{"line":12,"column":0},"end":{"line":12,"column":40}},"9":{"start":{"line":14,"column":0},"end":{"line":14,"column":53}},"10":{"start":{"line":16,"column":0},"end":{"line":16,"column":50}},"11":{"start":{"line":17,"column":0},"end":{"line":17,"column":50}},"12":{"start":{"line":18,"column":0},"end":{"line":18,"column":50}},"13":{"start":{"line":20,"column":0},"end":{"line":20,"column":71}},"14":{"start":{"line":21,"column":0},"end":{"line":21,"column":30}},"15":{"start":{"line":23,"column":0},"end":{"line":25,"column":1}},"16":{"start":{"line":24,"column":4},"end":{"line":24,"column":16}},"17":{"start":{"line":27,"column":0},"end":{"line":36,"column":1}},"18":{"start":{"line":28,"column":4},"end":{"line":30,"column":7}},"19":{"start":{"line":31,"column":4},"end":{"line":31,"column":60}},"20":{"start":{"line":34,"column":4},"end":{"line":34,"column":76}},"21":{"start":{"line":35,"column":4},"end":{"line":35,"column":15}},"22":{"start":{"line":38,"column":0},"end":{"line":88,"column":1}},"23":{"start":{"line":39,"column":4},"end":{"line":39,"column":31}},"24":{"start":{"line":42,"column":4},"end":{"line":42,"column":57}},"25":{"start":{"line":43,"column":4},"end":{"line":43,"column":38}},"26":{"start":{"line":44,"column":4},"end":{"line":50,"column":6}},"27":{"start":{"line":51,"column":4},"end":{"line":51,"column":35}},"28":{"start":{"line":54,"column":4},"end":{"line":56,"column":5}},"29":{"start":{"line":55,"column":8},"end":{"line":55,"column":34}},"30":{"start":{"line":55,"column":27},"end":{"line":55,"column":34}},"31":{"start":{"line":59,"column":4},"end":{"line":59,"column":73}},"32":{"start":{"line":60,"column":4},"end":{"line":60,"column":30}},"33":{"start":{"line":60,"column":23},"end":{"line":60,"column":30}},"34":{"start":{"line":63,"column":4},"end":{"line":63,"column":20}},"35":{"start":{"line":65,"column":4},"end":{"line":69,"column":21}},"36":{"start":{"line":71,"column":4},"end":{"line":71,"column":20}},"37":{"start":{"line":73,"column":4},"end":{"line":87,"column":5}},"38":{"start":{"line":74,"column":8},"end":{"line":79,"column":11}},"39":{"start":{"line":81,"column":8},"end":{"line":86,"column":9}},"40":{"start":{"line":82,"column":12},"end":{"line":84,"column":15}},"41":{"start":{"line":85,"column":12},"end":{"line":85,"column":27}}},"branchMap":{"1":{"line":23,"type":"if","locations":[{"start":{"line":23,"column":0},"end":{"line":23,"column":0}},{"start":{"line":23,"column":0},"end":{"line":23,"column":0}}]},"2":{"line":42,"type":"binary-expr","locations":[{"start":{"line":42,"column":18},"end":{"line":42,"column":30}},{"start":{"line":42,"column":34},"end":{"line":42,"column":48}},{"start":{"line":42,"column":52},"end":{"line":42,"column":56}}]},"3":{"line":54,"type":"if","locations":[{"start":{"line":54,"column":4},"end":{"line":54,"column":4}},{"start":{"line":54,"column":4},"end":{"line":54,"column":4}}]},"4":{"line":55,"type":"if","locations":[{"start":{"line":55,"column":8},"end":{"line":55,"column":8}},{"start":{"line":55,"column":8},"end":{"line":55,"column":8}}]},"5":{"line":60,"type":"if","locations":[{"start":{"line":60,"column":4},"end":{"line":60,"column":4}},{"start":{"line":60,"column":4},"end":{"line":60,"column":4}}]},"6":{"line":68,"type":"cond-expr","locations":[{"start":{"line":68,"column":25},"end":{"line":68,"column":47}},{"start":{"line":68,"column":50},"end":{"line":68,"column":52}}]},"7":{"line":81,"type":"if","locations":[{"start":{"line":81,"column":8},"end":{"line":81,"column":8}},{"start":{"line":81,"column":8},"end":{"line":81,"column":8}}]}},"code":["//#!/usr/bin/env node","// such stack trace. so long.","require('stackup');","","main.callAsCli = callAsCli;","module.exports = main;","","var path = require('path');","var process = require('process');","var parseArgs = require('minimist');","var chalk = require('chalk');","var extend = require('xtend/immutable');","","var defaultPrint = require('./lib/default-print.js');","// var verifyVersion = require('./lib/verify-version.js');","var mergeCommands = require('./lib/mergeCmds.js');","var getCommand = require('./lib/commands/get.js');","var runCommand = require('./lib/commands/run.js');","","var pluginsDir = path.join(process.env.HOME,'.potter', 'node_modules');","var priorityCmds = ['plugin'];","","if (require.main === module) {","    callAsCli();","}","","function callAsCli() {","    var argv = parseArgs(process.argv.slice(2), {","        boolean: ['expert', 'dry', 'damp']","    });","    argv.potterVersion = require('../package.json').version;","","    //merge builtsin first","    argv._commands = mergeCommands(__dirname, ['lib', 'cli-deprecated.js']);","    main(argv);","}","","function main(opts) {","    var extra = opts._.slice();","","    // command is --command or first arg","    var command = opts.command || opts._.shift() || null;","    var baseCommands = opts._commands;","    baseCommands.aliases = {","        version: 'version',","        v: 'version',","        h: 'help',","        help: 'help',","        __noArguments__: 'help'","    };","    opts.cmd = 'potter ' + command;","","    //run priority commands first","    if (priorityCmds.indexOf(command) !== -1) {","        if (callCommand()) return;","    }","","    //run all other commands with plugins to ensure enumeration","    opts._commands = mergeCommands(pluginsDir, ['.bin'], opts._commands);","    if (callCommand()) return;","","    // new line for pretty.","    console.log('');","","    console.error(chalk.red('ERR:'),","        'command',","        chalk.red(opts.cmd +","            (opts.enum ? ' --enum=' + opts.enum : '')),","        'not found');","","    process.exit(1);","","    function callCommand() {","        var fn = getCommand(baseCommands, command, {","            expert: opts.expert,","            argv: extend(opts, {","                _: extra","            })","        });","","        if (fn) {","            var handled = runCommand(fn, [opts, defaultPrint(command)], {","                argv: opts","            });","            return handled;","        }","    }","}",""],"l":{"3":1,"5":1,"6":1,"8":1,"9":1,"10":1,"11":1,"12":1,"14":1,"16":1,"17":1,"18":1,"20":1,"21":1,"23":1,"24":0,"27":1,"28":1,"31":1,"34":1,"35":1,"38":1,"39":1,"42":1,"43":1,"44":1,"51":1,"54":1,"55":0,"59":1,"60":1,"63":0,"65":0,"71":0,"73":1,"74":1,"81":1,"82":1,"85":1}},"/home/travis/build/npmtest/node-npmtest-potter/node_modules/potter/cli/lib/default-print.js":{"path":"/home/travis/build/npmtest/node-npmtest-potter/node_modules/potter/cli/lib/default-print.js","s":{"1":1,"2":1,"3":1,"4":0,"5":0,"6":0,"7":0,"8":0,"9":0,"10":0,"11":0},"b":{"1":[0,0],"2":[0,0]},"f":{"1":1,"2":0},"fnMap":{"1":{"name":"defaultPrint","line":3,"loc":{"start":{"line":3,"column":0},"end":{"line":3,"column":28}}},"2":{"name":"printCallback","line":4,"loc":{"start":{"line":4,"column":11},"end":{"line":4,"column":47}}}},"statementMap":{"1":{"start":{"line":1,"column":0},"end":{"line":1,"column":30}},"2":{"start":{"line":3,"column":0},"end":{"line":15,"column":1}},"3":{"start":{"line":4,"column":4},"end":{"line":14,"column":6}},"4":{"start":{"line":5,"column":8},"end":{"line":9,"column":9}},"5":{"start":{"line":6,"column":12},"end":{"line":6,"column":54}},"6":{"start":{"line":7,"column":12},"end":{"line":7,"column":39}},"7":{"start":{"line":8,"column":12},"end":{"line":8,"column":35}},"8":{"start":{"line":11,"column":8},"end":{"line":11,"column":40}},"9":{"start":{"line":12,"column":8},"end":{"line":12,"column":40}},"10":{"start":{"line":12,"column":20},"end":{"line":12,"column":40}},"11":{"start":{"line":13,"column":8},"end":{"line":13,"column":24}}},"branchMap":{"1":{"line":5,"type":"if","locations":[{"start":{"line":5,"column":8},"end":{"line":5,"column":8}},{"start":{"line":5,"column":8},"end":{"line":5,"column":8}}]},"2":{"line":12,"type":"if","locations":[{"start":{"line":12,"column":8},"end":{"line":12,"column":8}},{"start":{"line":12,"column":8},"end":{"line":12,"column":8}}]}},"code":["module.exports = defaultPrint;","","function defaultPrint(name) {","    return function printCallback(err, result) {","        if (err) {","            console.log(name + ' failed to complete');","            console.error(err.message);","            return process.exit(1);","        }","","        console.log(name + ' finished');","        if (result) console.log(result);","        process.exit(0);","    };","}",""],"l":{"1":1,"3":1,"4":1,"5":0,"6":0,"7":0,"8":0,"11":0,"12":0,"13":0}},"/home/travis/build/npmtest/node-npmtest-potter/node_modules/potter/cli/lib/mergeCmds.js":{"path":"/home/travis/build/npmtest/node-npmtest-potter/node_modules/potter/cli/lib/mergeCmds.js","s":{"1":1,"2":1,"3":1,"4":1,"5":2,"6":2,"7":1,"8":4,"9":2,"10":2,"11":2,"12":1,"13":2,"14":1,"15":2,"16":1,"17":2,"18":1},"b":{"1":[1,1],"2":[1,1],"3":[1,1]},"f":{"1":2,"2":4,"3":2,"4":2},"fnMap":{"1":{"name":"mergeCommands","line":5,"loc":{"start":{"line":5,"column":0},"end":{"line":5,"column":45}}},"2":{"name":"removeLib","line":10,"loc":{"start":{"line":10,"column":20},"end":{"line":10,"column":49}}},"3":{"name":"toFullPath","line":13,"loc":{"start":{"line":13,"column":17},"end":{"line":13,"column":47}}},"4":{"name":"reduceRecipes","line":21,"loc":{"start":{"line":21,"column":34},"end":{"line":21,"column":69}}}},"statementMap":{"1":{"start":{"line":1,"column":0},"end":{"line":1,"column":23}},"2":{"start":{"line":2,"column":0},"end":{"line":2,"column":27}},"3":{"start":{"line":3,"column":0},"end":{"line":3,"column":43}},"4":{"start":{"line":5,"column":0},"end":{"line":31,"column":1}},"5":{"start":{"line":6,"column":4},"end":{"line":6,"column":16}},"6":{"start":{"line":8,"column":4},"end":{"line":16,"column":5}},"7":{"start":{"line":9,"column":8},"end":{"line":15,"column":15}},"8":{"start":{"line":11,"column":16},"end":{"line":11,"column":55}},"9":{"start":{"line":14,"column":16},"end":{"line":14,"column":48}},"10":{"start":{"line":18,"column":4},"end":{"line":18,"column":17}},"11":{"start":{"line":20,"column":4},"end":{"line":26,"column":5}},"12":{"start":{"line":21,"column":8},"end":{"line":23,"column":15}},"13":{"start":{"line":22,"column":12},"end":{"line":22,"column":46}},"14":{"start":{"line":25,"column":8},"end":{"line":25,"column":22}},"15":{"start":{"line":28,"column":4},"end":{"line":28,"column":52}},"16":{"start":{"line":28,"column":16},"end":{"line":28,"column":52}},"17":{"start":{"line":30,"column":4},"end":{"line":30,"column":20}},"18":{"start":{"line":33,"column":0},"end":{"line":33,"column":31}}},"branchMap":{"1":{"line":8,"type":"if","locations":[{"start":{"line":8,"column":4},"end":{"line":8,"column":4}},{"start":{"line":8,"column":4},"end":{"line":8,"column":4}}]},"2":{"line":20,"type":"if","locations":[{"start":{"line":20,"column":4},"end":{"line":20,"column":4}},{"start":{"line":20,"column":4},"end":{"line":20,"column":4}}]},"3":{"line":28,"type":"if","locations":[{"start":{"line":28,"column":4},"end":{"line":28,"column":4}},{"start":{"line":28,"column":4},"end":{"line":28,"column":4}}]}},"code":["var fs = require('fs');","var path = require('path');","var merge = require('./commands/merge.js');","","function mergeCommands(dir, ignore, oldCmds) {","    var recipes;","    //make sure dir exists","    if(fs.existsSync(dir)) {","        recipes = fs.readdirSync(dir)","            .filter(function removeLib(fileName) {","                return ignore.indexOf(fileName) === -1;","            })","            .map(function toFullPath(fileName) {","                return path.join(dir, fileName);","            });","    }","","    var commands;","","    if (recipes) {","        commands = recipes.reduce(function reduceRecipes(prev, curr) {","            return merge(prev, require(curr));","        }, {});","    } else {","        commands = {};","    }","","    if(oldCmds) commands = merge(oldCmds, commands);","","    return commands;","}","","module.exports = mergeCommands;",""],"l":{"1":1,"2":1,"3":1,"5":1,"6":2,"8":2,"9":1,"11":4,"14":2,"18":2,"20":2,"21":1,"22":2,"25":1,"28":2,"30":2,"33":1}},"/home/travis/build/npmtest/node-npmtest-potter/node_modules/potter/cli/lib/commands/merge.js":{"path":"/home/travis/build/npmtest/node-npmtest-potter/node_modules/potter/cli/lib/commands/merge.js","s":{"1":1,"2":1,"3":1,"4":1,"5":1,"6":3,"7":3,"8":3,"9":9,"10":1,"11":3,"12":3,"13":3,"14":0,"15":3,"16":1,"17":3,"18":0,"19":0,"20":0,"21":0,"22":0,"23":0,"24":0,"25":0,"26":0,"27":0,"28":3,"29":3,"30":1,"31":1,"32":0,"33":0,"34":0,"35":0,"36":0,"37":0,"38":0,"39":0,"40":1,"41":1,"42":3,"43":0,"44":3,"45":1},"b":{"1":[3,0],"2":[1,8],"3":[3,0],"4":[0,3],"5":[0,3],"6":[0,0],"7":[0,0],"8":[0,0],"9":[0,0],"10":[0,3]},"f":{"1":3,"2":9,"3":3,"4":0,"5":0,"6":1,"7":0,"8":0,"9":1,"10":3},"fnMap":{"1":{"name":"mergeCommands","line":23,"loc":{"start":{"line":23,"column":0},"end":{"line":23,"column":35}}},"2":{"name":"(anonymous_2)","line":29,"loc":{"start":{"line":29,"column":51},"end":{"line":29,"column":66}}},"3":{"name":"(anonymous_3)","line":31,"loc":{"start":{"line":31,"column":44},"end":{"line":31,"column":58}}},"4":{"name":"mergeShared","line":50,"loc":{"start":{"line":50,"column":21},"end":{"line":50,"column":52}}},"5":{"name":"(anonymous_5)","line":53,"loc":{"start":{"line":53,"column":44},"end":{"line":53,"column":58}}},"6":{"name":"error","line":69,"loc":{"start":{"line":69,"column":4},"end":{"line":69,"column":25}}},"7":{"name":"createError","line":70,"loc":{"start":{"line":70,"column":15},"end":{"line":70,"column":41}}},"8":{"name":"findConflict","line":75,"loc":{"start":{"line":75,"column":22},"end":{"line":75,"column":53}}},"9":{"name":"safeExtend","line":95,"loc":{"start":{"line":95,"column":0},"end":{"line":95,"column":46}}},"10":{"name":"tryOverwrite","line":96,"loc":{"start":{"line":96,"column":31},"end":{"line":96,"column":58}}}},"statementMap":{"1":{"start":{"line":1,"column":0},"end":{"line":1,"column":40}},"2":{"start":{"line":3,"column":0},"end":{"line":3,"column":38}},"3":{"start":{"line":5,"column":0},"end":{"line":12,"column":3}},"4":{"start":{"line":21,"column":0},"end":{"line":21,"column":31}},"5":{"start":{"line":23,"column":0},"end":{"line":93,"column":1}},"6":{"start":{"line":24,"column":4},"end":{"line":24,"column":32}},"7":{"start":{"line":25,"column":4},"end":{"line":25,"column":22}},"8":{"start":{"line":29,"column":4},"end":{"line":44,"column":7}},"9":{"start":{"line":30,"column":8},"end":{"line":43,"column":9}},"10":{"start":{"line":31,"column":12},"end":{"line":40,"column":15}},"11":{"start":{"line":32,"column":16},"end":{"line":39,"column":17}},"12":{"start":{"line":33,"column":20},"end":{"line":33,"column":45}},"13":{"start":{"line":34,"column":20},"end":{"line":38,"column":21}},"14":{"start":{"line":35,"column":24},"end":{"line":35,"column":70}},"15":{"start":{"line":37,"column":24},"end":{"line":37,"column":71}},"16":{"start":{"line":41,"column":12},"end":{"line":42,"column":47}},"17":{"start":{"line":47,"column":4},"end":{"line":63,"column":5}},"18":{"start":{"line":48,"column":8},"end":{"line":48,"column":52}},"19":{"start":{"line":49,"column":8},"end":{"line":49,"column":52}},"20":{"start":{"line":50,"column":8},"end":{"line":62,"column":11}},"21":{"start":{"line":51,"column":12},"end":{"line":51,"column":60}},"22":{"start":{"line":52,"column":12},"end":{"line":52,"column":58}},"23":{"start":{"line":53,"column":12},"end":{"line":59,"column":15}},"24":{"start":{"line":54,"column":16},"end":{"line":57,"column":17}},"25":{"start":{"line":55,"column":20},"end":{"line":55,"column":45}},"26":{"start":{"line":56,"column":20},"end":{"line":56,"column":67}},"27":{"start":{"line":60,"column":12},"end":{"line":61,"column":64}},"28":{"start":{"line":65,"column":4},"end":{"line":65,"column":44}},"29":{"start":{"line":67,"column":4},"end":{"line":67,"column":19}},"30":{"start":{"line":69,"column":4},"end":{"line":91,"column":5}},"31":{"start":{"line":70,"column":8},"end":{"line":90,"column":10}},"32":{"start":{"line":71,"column":12},"end":{"line":71,"column":22}},"33":{"start":{"line":74,"column":12},"end":{"line":74,"column":58}},"34":{"start":{"line":75,"column":12},"end":{"line":82,"column":15}},"35":{"start":{"line":76,"column":16},"end":{"line":76,"column":57}},"36":{"start":{"line":78,"column":16},"end":{"line":81,"column":17}},"37":{"start":{"line":79,"column":20},"end":{"line":79,"column":36}},"38":{"start":{"line":80,"column":20},"end":{"line":80,"column":32}},"39":{"start":{"line":84,"column":12},"end":{"line":89,"column":15}},"40":{"start":{"line":95,"column":0},"end":{"line":104,"column":1}},"41":{"start":{"line":96,"column":4},"end":{"line":102,"column":7}},"42":{"start":{"line":97,"column":8},"end":{"line":99,"column":9}},"43":{"start":{"line":98,"column":12},"end":{"line":98,"column":35}},"44":{"start":{"line":101,"column":8},"end":{"line":101,"column":31}},"45":{"start":{"line":103,"column":4},"end":{"line":103,"column":16}}},"branchMap":{"1":{"line":25,"type":"binary-expr","locations":[{"start":{"line":25,"column":11},"end":{"line":25,"column":15}},{"start":{"line":25,"column":19},"end":{"line":25,"column":21}}]},"2":{"line":30,"type":"if","locations":[{"start":{"line":30,"column":8},"end":{"line":30,"column":8}},{"start":{"line":30,"column":8},"end":{"line":30,"column":8}}]},"3":{"line":32,"type":"if","locations":[{"start":{"line":32,"column":16},"end":{"line":32,"column":16}},{"start":{"line":32,"column":16},"end":{"line":32,"column":16}}]},"4":{"line":34,"type":"if","locations":[{"start":{"line":34,"column":20},"end":{"line":34,"column":20}},{"start":{"line":34,"column":20},"end":{"line":34,"column":20}}]},"5":{"line":47,"type":"if","locations":[{"start":{"line":47,"column":4},"end":{"line":47,"column":4}},{"start":{"line":47,"column":4},"end":{"line":47,"column":4}}]},"6":{"line":51,"type":"binary-expr","locations":[{"start":{"line":51,"column":30},"end":{"line":51,"column":53}},{"start":{"line":51,"column":57},"end":{"line":51,"column":59}}]},"7":{"line":54,"type":"if","locations":[{"start":{"line":54,"column":16},"end":{"line":54,"column":16}},{"start":{"line":54,"column":16},"end":{"line":54,"column":16}}]},"8":{"line":78,"type":"if","locations":[{"start":{"line":78,"column":16},"end":{"line":78,"column":16}},{"start":{"line":78,"column":16},"end":{"line":78,"column":16}}]},"9":{"line":78,"type":"binary-expr","locations":[{"start":{"line":78,"column":20},"end":{"line":78,"column":29}},{"start":{"line":78,"column":33},"end":{"line":78,"column":47}}]},"10":{"line":97,"type":"if","locations":[{"start":{"line":97,"column":8},"end":{"line":97,"column":8}},{"start":{"line":97,"column":8},"end":{"line":97,"column":8}}]}},"code":["var TypedError = require('error/typed');","","var Command = require('./command.js');","","var DuplicateKey = TypedError({","    type: 'mergeCommands.duplicate.key',","    message: 'You have installed commands from {module}.\\n' +","        'These was a conflict in {name}.{key}.\\n' +","        '{name}.{key} is already defined by {other}.\\n' +","        'To fix please either uninstall {module} or resolve ' +","            'the conflict.\\n'","});","","/*  merges two command objects together.","","    This allows you to create the set of sub commands for","        your application from multiple sets of commands","","*/","","module.exports = mergeCommands;","","function mergeCommands(base, cmds) {","    var command = Command(base);","    cmds = cmds || {};","","    // For each type make any direct function assignments into objects","    // Then merge them in and error if they conflict","    ['commands', 'workflows', 'scaffolds'].forEach(function(type) {","        if (cmds[type]) {","            Object.keys(cmds[type]).forEach(function(key) {","                if (cmds[type][key] instanceof Function) {","                    var fn = cmds[type][key];","                    if (type === 'scaffolds') {","                        cmds[type][key] = {command: fn, expert: true}; //default expert to true for gen","                    } else {","                        cmds[type][key] = {command: fn, expert: false};","                    }","                }","            });","            command[type] = safeExtend(command[type],","                cmds[type], error('commands'));","        }","    });","","    // Merge in shared commands and error if their variant types conflict","    if (cmds.sharedCommands) {","        var sharedCommands = command.sharedCommands;","        var keys = Object.keys(cmds.sharedCommands);","        keys.forEach(function mergeShared (cmdName) {","            var baseOptions = sharedCommands[cmdName] || {};","            var cmdOptions = cmds.sharedCommands[cmdName];","            Object.keys(cmdOptions).forEach(function(key) {","                if (cmdOptions[key] instanceof Function) {","                    var fn = cmdOptions[key];","                    cmdOptions[key] = {command: fn, expert: false}; //default expert to false","                }","","            });","            sharedCommands[cmdName] = safeExtend(baseOptions,","                cmdOptions, error('sharedCommands.' + cmdName));","        });","    }","","    command.__oldCommands[cmds.name] = cmds;","","    return command;","","    function error(name) {","        return function createError(key) {","            var other;","            // find the other command that already defined","            // {name}.{key} on the command object","            var keys = Object.keys(command.__oldCommands);","            keys.some(function findConflict(cmdName) {","                var cmd = command.__oldCommands[cmdName];","","                if (cmd[name] && cmd[name][key]) {","                    other = cmdName;","                    return true;","                }","            });","","            return DuplicateKey({","                module: cmds.name,","                key: key,","                name: name,","                other: other","            });","        };","    }","","}","","function safeExtend(left, right, createError) {","    Object.keys(right).forEach(function tryOverwrite(key) {","        if (key in left) {","            throw createError(key);","        }","","        left[key] = right[key];","    });","    return left;","}",""],"l":{"1":1,"3":1,"5":1,"21":1,"23":1,"24":3,"25":3,"29":3,"30":9,"31":1,"32":3,"33":3,"34":3,"35":0,"37":3,"41":1,"47":3,"48":0,"49":0,"50":0,"51":0,"52":0,"53":0,"54":0,"55":0,"56":0,"60":0,"65":3,"67":3,"69":1,"70":1,"71":0,"74":0,"75":0,"76":0,"78":0,"79":0,"80":0,"84":0,"95":1,"96":1,"97":3,"98":0,"101":3,"103":1}},"/home/travis/build/npmtest/node-npmtest-potter/node_modules/potter/cli/lib/commands/command.js":{"path":"/home/travis/build/npmtest/node-npmtest-potter/node_modules/potter/cli/lib/commands/command.js","s":{"1":1,"2":1,"3":6,"4":3,"5":3,"6":3,"7":3,"8":3,"9":3,"10":3},"b":{"1":[3,3],"2":[2,1],"3":[3,3],"4":[3,3,1],"5":[3,3,1],"6":[3,3,1],"7":[3,3,1],"8":[3,3,1]},"f":{"1":6},"fnMap":{"1":{"name":"Command","line":3,"loc":{"start":{"line":3,"column":0},"end":{"line":3,"column":23}}}},"statementMap":{"1":{"start":{"line":1,"column":0},"end":{"line":1,"column":25}},"2":{"start":{"line":3,"column":0},"end":{"line":15,"column":1}},"3":{"start":{"line":4,"column":4},"end":{"line":6,"column":5}},"4":{"start":{"line":5,"column":8},"end":{"line":5,"column":33}},"5":{"start":{"line":8,"column":4},"end":{"line":9,"column":23}},"6":{"start":{"line":10,"column":4},"end":{"line":10,"column":50}},"7":{"start":{"line":11,"column":4},"end":{"line":11,"column":52}},"8":{"start":{"line":12,"column":4},"end":{"line":12,"column":52}},"9":{"start":{"line":13,"column":4},"end":{"line":13,"column":62}},"10":{"start":{"line":14,"column":4},"end":{"line":14,"column":60}}},"branchMap":{"1":{"line":4,"type":"if","locations":[{"start":{"line":4,"column":4},"end":{"line":4,"column":4}},{"start":{"line":4,"column":4},"end":{"line":4,"column":4}}]},"2":{"line":8,"type":"cond-expr","locations":[{"start":{"line":9,"column":8},"end":{"line":9,"column":17}},{"start":{"line":9,"column":20},"end":{"line":9,"column":22}}]},"3":{"line":8,"type":"binary-expr","locations":[{"start":{"line":8,"column":24},"end":{"line":8,"column":28}},{"start":{"line":8,"column":32},"end":{"line":8,"column":41}}]},"4":{"line":10,"type":"binary-expr","locations":[{"start":{"line":10,"column":21},"end":{"line":10,"column":25}},{"start":{"line":10,"column":29},"end":{"line":10,"column":42}},{"start":{"line":10,"column":47},"end":{"line":10,"column":49}}]},"5":{"line":11,"type":"binary-expr","locations":[{"start":{"line":11,"column":22},"end":{"line":11,"column":26}},{"start":{"line":11,"column":30},"end":{"line":11,"column":44}},{"start":{"line":11,"column":49},"end":{"line":11,"column":51}}]},"6":{"line":12,"type":"binary-expr","locations":[{"start":{"line":12,"column":22},"end":{"line":12,"column":26}},{"start":{"line":12,"column":30},"end":{"line":12,"column":44}},{"start":{"line":12,"column":49},"end":{"line":12,"column":51}}]},"7":{"line":13,"type":"binary-expr","locations":[{"start":{"line":13,"column":27},"end":{"line":13,"column":31}},{"start":{"line":13,"column":35},"end":{"line":13,"column":54}},{"start":{"line":13,"column":59},"end":{"line":13,"column":61}}]},"8":{"line":14,"type":"binary-expr","locations":[{"start":{"line":14,"column":26},"end":{"line":14,"column":30}},{"start":{"line":14,"column":34},"end":{"line":14,"column":52}},{"start":{"line":14,"column":57},"end":{"line":14,"column":59}}]}},"code":["module.exports = Command;","","function Command(opts) {","    if (!(this instanceof Command)) {","        return new Command(opts);","    }","","    this.name = typeof (opts && opts.name) === 'string' ?","        opts.name : '';","    this.commands = (opts && opts.commands) || {};","    this.scaffolds = (opts && opts.scaffolds) || {};","    this.workflows = (opts && opts.workflows) || {};","    this.sharedCommands = (opts && opts.sharedCommands) || {};","    this.__oldCommands = (opts && opts.__oldCommands) || {};","}",""],"l":{"1":1,"3":1,"4":6,"5":3,"8":3,"10":3,"11":3,"12":3,"13":3,"14":3}},"/home/travis/build/npmtest/node-npmtest-potter/node_modules/potter/cli/lib/commands/get.js":{"path":"/home/travis/build/npmtest/node-npmtest-potter/node_modules/potter/cli/lib/commands/get.js","s":{"1":1,"2":1,"3":1,"4":0,"5":1,"6":1,"7":1,"8":1,"9":1,"10":1,"11":1,"12":2,"13":1,"14":1,"15":0,"16":1,"17":0,"18":1,"19":0,"20":1,"21":1,"22":1,"23":1,"24":5,"25":0,"26":0,"27":0,"28":1,"29":0,"30":1,"31":1,"32":0},"b":{"1":[0,1],"2":[1,0],"3":[1,0],"4":[1,1],"5":[0,1],"6":[0,1],"7":[0,1],"8":[1,0],"9":[1,0],"10":[0,5],"11":[0,1],"12":[1,0],"13":[1,1]},"f":{"1":1,"2":2,"3":5},"fnMap":{"1":{"name":"getCommand","line":7,"loc":{"start":{"line":7,"column":0},"end":{"line":7,"column":53}}},"2":{"name":"getSection","line":26,"loc":{"start":{"line":26,"column":0},"end":{"line":26,"column":41}}},"3":{"name":"findAlias","line":41,"loc":{"start":{"line":41,"column":14},"end":{"line":41,"column":38}}}},"statementMap":{"1":{"start":{"line":5,"column":0},"end":{"line":5,"column":28}},"2":{"start":{"line":7,"column":0},"end":{"line":24,"column":1}},"3":{"start":{"line":8,"column":4},"end":{"line":10,"column":5}},"4":{"start":{"line":9,"column":8},"end":{"line":9,"column":20}},"5":{"start":{"line":12,"column":4},"end":{"line":15,"column":5}},"6":{"start":{"line":13,"column":8},"end":{"line":13,"column":26}},"7":{"start":{"line":14,"column":8},"end":{"line":14,"column":26}},"8":{"start":{"line":17,"column":4},"end":{"line":17,"column":22}},"9":{"start":{"line":19,"column":4},"end":{"line":19,"column":45}},"10":{"start":{"line":23,"column":4},"end":{"line":23,"column":14}},"11":{"start":{"line":26,"column":0},"end":{"line":59,"column":1}},"12":{"start":{"line":27,"column":4},"end":{"line":35,"column":5}},"13":{"start":{"line":28,"column":8},"end":{"line":28,"column":38}},"14":{"start":{"line":29,"column":11},"end":{"line":35,"column":5}},"15":{"start":{"line":30,"column":8},"end":{"line":30,"column":44}},"16":{"start":{"line":31,"column":11},"end":{"line":35,"column":5}},"17":{"start":{"line":32,"column":8},"end":{"line":32,"column":30}},"18":{"start":{"line":33,"column":11},"end":{"line":35,"column":5}},"19":{"start":{"line":34,"column":8},"end":{"line":34,"column":30}},"20":{"start":{"line":37,"column":4},"end":{"line":37,"column":31}},"21":{"start":{"line":38,"column":4},"end":{"line":38,"column":47}},"22":{"start":{"line":39,"column":4},"end":{"line":39,"column":11}},"23":{"start":{"line":41,"column":4},"end":{"line":47,"column":7}},"24":{"start":{"line":42,"column":8},"end":{"line":46,"column":9}},"25":{"start":{"line":43,"column":12},"end":{"line":43,"column":44}},"26":{"start":{"line":44,"co
[...]
= 'y') {","        installPlugin(pkg.name, pkg.version, pkg.rollback, cb);","    } else {","        cb(null);","    }","}","","function installPlugin(pkg, version, rollback, cb) {","    var installable = pkg;","    if(version) {","        if(pkg.substr(0,7) === 'git+ssh') {","            installable += '#' + version;","        } else {","            installable += '@' + version;","        }","    }","    var cmd = 'i -S ' + installable;","    console.log('Installing plugin...');","    npm(cmd, potterHome, function validateInstall(err, stdout) {","        //make sure install was success","        //console.log(stderr);","        // console.log(stdout);","        if(err) {","            console.log(chalk.red('NPM install failed!'));","            console.log('Please read the ' + path.join(potterHome, '/npm-debug.log'));","            process.exit();","        }","        console.log('Plugin installed');","        var installed = stdout.match(/^([a-z][-a-z0-9]*)@(\\d+\\.\\d+.\\d+ )/m)[1];","        try {","            console.log('Checking for conflicts...');","            var cmds = mergeCommands(path.join(__dirname,'../'), ['lib', 'cli-deprecated.js']);","            mergeCommands(path.join(potterHome,'node_modules'), ['.bin'], cmds);","        /*jshint -W002 */","        } catch (err) {","            console.log(chalk.red('Plugin had conflicts!'));","            console.log('Rolling back...');","            //rollback","            if(rollback) {","                return installPlugin(pkg, rollback, null, cb);","            } else {","                return remove({_:[installed]});","            }","        }","","        console.log(chalk.green('Installed Plugin!'));","        process.exit();","    });","}","","function npm(cmd, cwd, cb) {","    cmd = 'npm ' + cmd;","    mkdirp(cwd, function onDir() {","        childProcess.exec(cmd, {cwd:cwd}, cb);","    });","}","","function remove(opts, cb) {","    var plugin = opts._[0];","    if (!plugin) cb(new Error(chalk.red('You must provide a plugin to remove')));","    console.log(chalk.red('Removing ' + plugin));","","    var cmd = 'rm -S ' + plugin;","    npm(cmd, potterHome, function npmRm(err, stdout, stderr) {","        if(err) throw err;","","        //console.log(stdout);","        //console.log(stderr);","","        if(stderr && stderr.indexOf('npm WARN uninstall not installed') !== -1) {","            return console.log('Plugin ' + plugin + ' was not installed');","        }","        console.log('Removed plugin ' + plugin);","    });","}","","function list() {","    var cmd = 'ls | grep \"^[└├]\"';","    npm(cmd, potterHome, function npmList(err, stdout) {","        if(err) throw err;","        //console.log(stderr);","        var libs = stdout.split('\\n');","        libs = libs.map(function(lib) {","            return lib.substr(4);","        }).filter(function(lib) {","            return lib;","        }).forEach(function(lib) {","            var line = chalk.green(' * ') + lib;","            console.log(line);","        });","    });","}","","function rhb(fn, scope) {","    //right hand bind","    //call with function, this, arg1, arg2, etc","    var args = Array.prototype.slice.call(arguments).slice(2);","    return function() {","        args = Array.prototype.slice.call(arguments).concat(args);","        fn.apply(scope, args);","    };","}","","function halp() {","    return printHelp(path.join(__dirname, 'usage-plugin.md'));","}","","plugin.help = halp;","","module.exports = plugin;",""],"l":{"1":1,"2":1,"3":1,"4":1,"5":1,"6":1,"7":1,"8":1,"10":1,"13":1,"14":1,"17":1,"19":1,"29":1,"30":0,"31":0,"36":1,"37":0,"38":0,"39":0,"40":0,"41":0,"42":0,"46":1,"47":0,"48":0,"49":0,"50":0,"52":0,"53":0,"54":0,"57":0,"58":0,"59":0,"60":0,"63":0,"66":0,"67":0,"68":0,"70":0,"76":0,"77":0,"78":0,"80":0,"81":0,"90":0,"91":0,"92":0,"94":0,"95":0,"96":0,"97":0,"98":0,"99":0,"100":0,"101":0,"103":0,"104":0,"106":0,"108":0,"109":0,"111":0,"114":0,"116":0,"117":0,"118":0,"120":0,"121":0,"123":0,"124":0,"125":0,"126":0,"127":0,"128":0,"132":0,"133":0,"134":0,"136":0,"138":0,"140":0,"142":0,"144":0,"148":0,"150":0,"151":0,"152":0,"156":0,"157":0,"158":0,"159":0,"165":0,"166":0,"174":1,"175":0,"176":0,"178":0,"182":1,"183":0,"184":0,"185":0,"186":0,"188":0,"191":0,"192":0,"193":0,"197":0,"198":0,"199":0,"200":0,"202":0,"203":0,"204":0,"205":0,"206":0,"207":0,"210":0,"211":0,"213":0,"214":0,"216":0,"220":0,"221":0,"225":1,"226":0,"227":0,"228":0,"232":1,"233":0,"234":0,"235":0,"237":0,"238":0,"239":0,"244":0,"245":0,"247":0,"251":1,"252":0,"253":0,"254":0,"256":0,"257":0,"258":0,"260":0,"262":0,"263":0,"268":1,"271":0,"272":0,"273":0,"274":0,"278":1,"279":0,"282":1,"284":1}},"/home/travis/build/npmtest/node-npmtest-potter/node_modules/potter/unpm/router.js":{"path":"/home/travis/build/npmtest/node-npmtest-potter/node_modules/potter/unpm/router.js","s":{"1":2,"2":0,"3":1,"4":0,"5":0,"6":0,"7":0,"8":1,"9":0,"10":0},"b":{},"f":{"1":0,"2":0},"fnMap":{"1":{"name":"createRouter","line":7,"loc":{"start":{"line":7,"column":0},"end":{"line":7,"column":39}}},"2":{"name":"routeHandler","line":16,"loc":{"start":{"line":16,"column":4},"end":{"line":16,"column":36}}}},"statementMap":{"1":{"start":{"line":3,"column":0},"end":{"line":3,"column":38}},"2":{"start":{"line":5,"column":0},"end":{"line":5,"column":30}},"3":{"start":{"line":7,"column":0},"end":{"line":23,"column":1}},"4":{"start":{"line":8,"column":4},"end":{"line":8,"column":26}},"5":{"start":{"line":10,"column":4},"end":{"line":10,"column":54}},"6":{"start":{"line":12,"column":4},"end":{"line":12,"column":62}},"7":{"start":{"line":14,"column":4},"end":{"line":14,"column":24}},"8":{"start":{"line":16,"column":4},"end":{"line":22,"column":5}},"9":{"start":{"line":17,"column":8},"end":{"line":17,"column":44}},"10":{"start":{"line":18,"column":8},"end":{"line":21,"column":42}}},"branchMap":{},"code":["// Feel free to replace routes-router with your routing library","// of choice.","var Router = require('routes-router');","","module.exports = createRouter;","","function createRouter(config, clients) {","    var router = Router();","","    router.addRoute('/', require('./routes/home.js'));","    // Health check route is required in production.","    router.addRoute('/health', require('./routes/health.js'));","","    return routeHandler;","","    function routeHandler(req, res) {","        res.setHeader('X-Uber-App', 'unpm');","        return router(req, res, {","            config: config,","            clients: clients","        }/*, myOwnErrorHandlerCallback*/);","    }","}",""],"l":{"3":2,"5":0,"7":1,"8":0,"10":0,"12":0,"14":0,"16":1,"17":0,"18":0}},"/home/travis/build/npmtest/node-npmtest-potter/node_modules/potter/unpm/server.js":{"path":"/home/travis/build/npmtest/node-npmtest-potter/node_modules/potter/unpm/server.js","s":{"1":2,"2":2,"3":2,"4":0,"5":0,"6":0,"7":0,"8":0,"9":1,"10":0,"11":0,"12":0,"13":0,"14":0,"15":0,"16":0,"17":0,"18":0,"19":0,"20":0,"21":0,"22":0,"23":0,"24":0,"25":0,"26":0,"27":0,"28":0,"29":0},"b":{"1":[0,0],"2":[0,0]},"f":{"1":0,"2":0},"fnMap":{"1":{"name":"createServer","line":12,"loc":{"start":{"line":12,"column":0},"end":{"line":12,"column":39}}},"2":{"name":"onRequest","line":18,"loc":{"start":{"line":18,"column":25},"end":{"line":18,"column":49}}}},"statementMap":{"1":{"start":{"line":2,"column":0},"end":{"line":2,"column":38}},"2":{"start":{"line":3,"column":0},"end":{"line":3,"column":27}},"3":{"start":{"line":4,"column":0},"end":{"line":4,"column":51}},"4":{"start":{"line":5,"column":0},"end":{"line":5,"column":42}},"5":{"start":{"line":7,"column":0},"end":{"line":7,"column":42}},"6":{"start":{"line":8,"column":0},"end":{"line":8,"column":50}},"7":{"start":{"line":9,"column":0},"end":{"line":9,"column":50}},"8":{"start":{"line":10,"column":0},"end":{"line":10,"column":54}},"9":{"start":{"line":12,"column":0},"end":{"line":27,"column":1}},"10":{"start":{"line":14,"column":4},"end":{"line":14,"column":47}},"11":{"start":{"line":15,"column":4},"end":{"line":15,"column":43}},"12":{"start":{"line":18,"column":4},"end":{"line":22,"column":7}},"13":{"start":{"line":19,"column":8},"end":{"line":21,"column":11}},"14":{"start":{"line":24,"column":4},"end":{"line":24,"column":57}},"15":{"start":{"line":26,"column":4},"end":{"line":26,"column":18}},"16":{"start":{"line":29,"column":0},"end":{"line":29,"column":30}},"17":{"start":{"line":31,"column":0},"end":{"line":57,"column":1}},"18":{"start":{"line":34,"column":4},"end":{"line":34,"column":54}},"19":{"start":{"line":36,"column":4},"end":{"line":36,"column":40}},"20":{"start":{"line":37,"column":4},"end":{"line":40,"column":7}},"21":{"start":{"line":41,"column":4},"end":{"line":41,"column":21}},"22":{"start":{"line":42,"column":4},"end":{"line":42,"column":58}},"23":{"start":{"line":43,"column":4},"end":{"line":44,"column":38}},"24":{"start":{"line":45,"column":4},"end":{"line":45,"column":50}},"25":{"start":{"line":47,"column":4},"end":{"line":47,"column":45}},"26":{"start":{"line":51,"column":4},"end":{"line":51,"column":47}},"27":{"start":{"line":52,"column":4},"end":{"line":52,"column":38}},"28":{"start":{"line":53,"column":4},"end":{"line":55,"column":7}},"29":{"start":{"line":56,"column":4},"end":{"line":56,"column":56}}},"branchMap":{"1":{"line":31,"type":"if","locations":[{"start":{"line":31,"column":0},"end":{"line":31,"column":0}},{"start":{"line":31,"column":0},"end":{"line":31,"column":0}}]},"2":{"line":38,"type":"cond-expr","locations":[{"start":{"line":39,"column":12},"end":{"line":39,"column":34}},{"start":{"line":39,"column":37},"end":{"line":39,"column":41}}]}},"code":["//#!/usr/bin/env node","var hostname = require('os').hostname;","var http = require('http');","var fetchConfig = require('playdoh-server/config');","var perf = require('playdoh-server/perf');","","var createRouter = require('./router.js');","var createLogger = require('./clients/logger.js');","var createStatsd = require('./clients/statsd.js');","var createUncaught = require('./clients/uncaught.js');","","function createServer(config, clients) {","    // boot your app here","    var router = createRouter(config, clients);","    var server = http.createServer(router);","","    //TODO replace me with decent logger","    server.on('request', function onRequest(req) {","        config.logger.info('got request', {","            uri: req.url","        });","    });","","    server.perfServer = perf(config.get('perfSettings'));","","    return server;","}","","module.exports = createServer;","","if (require.main === module) {","    // settings the process title allows a process monitor to","    // have a useful name for your process when monitoring it.","    process.title = 'nodejs-rt-unpm-on-' + hostname();","","    var NODE_ENV = process.env.NODE_ENV;","    var config = fetchConfig(__dirname, {","        dc: NODE_ENV === 'production' ?","            '/etc/uber/datacenter' : null","    });","    var clients = {};","    clients.statsd = config.statsd = createStatsd(config);","    var logger = clients.logger = config.logger =","        createLogger(config, clients);","    var onError = createUncaught(config, clients);","","    process.on('uncaughtException', onError);","","    // write up the server with configuration settings at the","    // top level.","    var server = createServer(config, clients);","    server.listen(config.get('port'));","    logger.info('listening on port', {","        port: config.get('port')","    });","    server.perfServer.listen(config.get('controlPort'));","}",""],"l":{"2":2,"3":2,"4":2,"5":0,"7":0,"8":0,"9":0,"10":0,"12":1,"14":0,"15":0,"18":0,"19":0,"24":0,"26":0,"29":0,"31":0,"34":0,"36":0,"37":0,"41":0,"42":0,"43":0,"45":0,"47":0,"51":0,"52":0,"53":0,"56":0}},"/home/travis/build/npmtest/node-npmtest-potter/node_modules/potter/unpm/clients/logger.js":{"path":"/home/travis/build/npmtest/node-npmtest-potter/node_modules/potter/unpm/clients/logger.js","s":{"1":2,"2":2,"3":1,"4":0,"5":0},"b":{},"f":{"1":0},"fnMap":{"1":{"name":"createLogger","line":4,"loc":{"start":{"line":4,"column":0},"end":{"line":4,"column":39}}}},"statementMap":{"1":{"start":{"line":1,"column":0},"end":{"line":1,"column":23}},"2":{"start":{"line":2,"column":0},"end":{"line":2,"column":46}},"3":{"start":{"line":4,"column":0},"end":{"line":15,"column":1}},"4":{"start":{"line":5,"column":4},"end":{"line":14,"column":7}},"5":{"start":{"line":17,"column":0},"end":{"line":17,"column":30}}},"branchMap":{},"code":["var os = require('os');","var Logger = require('playdoh-server/logger');","","function createLogger(config, clients) {","    return Logger({","        meta: {","            team: config.get('team'),","            project: config.get('project'),","            hostname: os.hostname(),","            pid: process.pid","        },","        backends: Logger.defaultBackends(","            config.get('playdoh-logger'), clients)","    });","}","","module.exports = createLogger;",""],"l":{"1":2,"2":2,"4":1,"5":0,"17":0}},"/home/travis/build/npmtest/node-npmtest-potter/node_modules/potter/unpm/clients/statsd.js":{"path":"/home/travis/build/npmtest/node-npmtest-potter/node_modules/potter/unpm/clients/statsd.js","s":{"1":2,"2":2,"3":0,"4":1,"5":0,"6":0},"b":{"1":[0,0]},"f":{"1":0},"fnMap":{"1":{"name":"createStatsd","line":6,"loc":{"start":{"line":6,"column":0},"end":{"line":6,"column":30}}}},"statementMap":{"1":{"start":{"line":1,"column":0},"end":{"line":1,"column":23}},"2":{"start":{"line":2,"column":0},"end":{"line":2,"column":46}},"3":{"start":{"line":4,"column":0},"end":{"line":4,"column":30}},"4":{"start":{"line":6,"column":0},"end":{"line":18,"column":1}},"5":{"start":{"line":7,"column":4},"end":{"line":7,"column":44}},"6":{"start":{"line":9,"column":4},"end":{"line":17,"column":14}}},"branchMap":{"1":{"line":9,"type":"cond-expr","locations":[{"start":{"line":9,"column":18},"end":{"line":17,"column":6}},{"start":{"line":17,"column":9},"end":{"line":17,"column":13}}]}},"code":["var os = require('os');","var Statsd = require('playdoh-server/statsd');","","module.exports = createStatsd;","","function createStatsd(config) {","    var opts = config.get('playdoh-statsd');","","    return opts ? Statsd({","        host: opts.host,","        port: opts.port,","        scope: [","            config.get('project'),","            process.env.NODE_ENV,","            os.hostname().split('.')[0]","        ].join('.')","    }) : null;","}",""],"l":{"1":2,"2":2,"4":0,"6":1,"7":0,"9":0}},"/home/travis/build/npmtest/node-npmtest-potter/node_modules/potter/unpm/clients/uncaught.js":{"path":"/home/travis/build/npmtest/node-npmtest-potter/node_modules/potter/unpm/clients/uncaught.js","s":{"1":2,"2":2,"3":0,"4":1,"5":0},"b":{},"f":{"1":0},"fnMap":{"1":{"name":"createUncaught","line":6,"loc":{"start":{"line":6,"column":0},"end":{"line":6,"column":41}}}},"statementMap":{"1":{"start":{"line":1,"column":0},"end":{"line":1,"column":23}},"2":{"start":{"line":2,"column":0},"end":{"line":2,"column":50}},"3":{"start":{"line":4,"column":0},"end":{"line":4,"column":32}},"4":{"start":{"line":6,"column":0},"end":{"line":16,"column":1}},"5":{"start":{"line":7,"column":4},"end":{"line":15,"column":7}}},"branchMap":{},"code":["var os = require('os');","var uncaught = require('playdoh-server/uncaught');","","module.exports = createUncaught;","","function createUncaught(config, clients) {","    return uncaught({","        logger: clients.logger,","        prefix: [","            config.get('project'),","            process.env.NODE_ENV,","            os.hostname().split('.')[0]","        ].join('.') + ' ',","        backupFile: config.get('playdoh-uncaught.backupFile')","    });","}",""],"l":{"1":2,"2":2,"4":0,"6":1,"7":0}},"/home/travis/build/npmtest/node-npmtest-potter/node_modules/potter/unpm/dashboards/service.js":{"path":"/home/travis/build/npmtest/node-npmtest-potter/node_modules/potter/unpm/dashboards/service.js","s":{"1":2,"2":0,"3":0,"4":0,"5":1,"6":0,"7":0,"8":0,"9":0},"b":{},"f":{"1":0},"fnMap":{"1":{"name":"serviceDashboard","line":6,"loc":{"start":{"line":6,"column":0},"end":{"line":6,"column":32}}}},"statementMap":{"1":{"start":{"line":1,"column":0},"end":{"line":1,"column":49}},"2":{"start":{"line":2,"column":0},"end":{"line":2,"column":46}},"3":{"start":{"line":3,"column":0},"end":{"line":3,"column":55}},"4":{"start":{"line":4,"column":0},"end":{"line":4,"column":40}},"5":{"start":{"line":6,"column":0},"end":{"line":23,"column":1}},"6":{"start":{"line":7,"column":4},"end":{"line":8,"column":33}},"7":{"start":{"line":10,"column":4},"end":{"line":22,"column":7}},"8":{"start":{"line":25,"column":0},"end":{"line":29,"column":3}},"9":{"start":{"line":31,"column":0},"end":{"line":31,"column":27}}},"branchMap":{},"code":["var graph = require('graphite-dash-gen').mkGraph;","var t = require('graphite-dash-gen').mkTarget;","var Dashboard = require('graphite-dash-gen').Dashboard;","var Dash = require('graphite-dash-gen');","","function serviceDashboard(opts) {","    var processName = opts.team + '-' + opts.project +","        '-on-' + opts.serverName;","","    return new Dashboard(opts.team + '-' + opts.project, [","        graph('Service CPU',[","            t('servers.%s.nodejs.%s.cpu.user',","                opts.serverName, processName)","        ]),","        Dash.weekComparisonGraph('Number of FDs', {","            yMin: 0,","            hideLegend: 'true'","        }, [","            t('servers.%s.nodejs.%s.num_fds',","                opts.serverName, processName)","        ])","    ]);","}","","var dashboard = serviceDashboard({","    team: 'web',","    project: 'unpm',","    serverName: 'app01-peak1'","});","","module.exports = dashboard;",""],"l":{"1":2,"2":0,"3":0,"4":0,"6":1,"7":0,"10":0,"25":0,"31":0}},"/home/travis/build/npmtest/node-npmtest-potter/node_modules/potter/unpm/routes/health.js":{"path":"/home/travis/build/npmtest/node-npmtest-potter/node_modules/potter/unpm/routes/health.js","s":{"1":1,"2":1,"3":0},"b":{},"f":{"1":0},"fnMap":{"1":{"name":"health","line":3,"loc":{"start":{"line":3,"column":0},"end":{"line":3,"column":26}}}},"statementMap":{"1":{"start":{"line":1,"column":0},"end":{"line":1,"column":24}},"2":{"start":{"line":3,"column":0},"end":{"line":5,"column":1}},"3":{"start":{"line":4,"column":4},"end":{"line":4,"column":18}}},"branchMap":{},"code":["module.exports = health;","","function health(req, res) {","    res.end('OK');","}",""],"l":{"1":1,"3":1,"4":0}},"/home/travis/build/npmtest/node-npmtest-potter/node_modules/potter/unpm/routes/home.js":{"path":"/home/travis/build/npmtest/node-npmtest-potter/node_modules/potter/unpm/routes/home.js","s":{"1":1,"2":1,"3":0,"4":0,"5":0,"6":0},"b":{},"f":{"1":0},"fnMap":{"1":{"name":"home","line":13,"loc":{"start":{"line":13,"column":0},"end":{"line":13,"column":34}}}},"statementMap":{"1":{"start":{"line":1,"column":0},"end":{"line":1,"column":22}},"2":{"start":{"line":13,"column":0},"end":{"line":20,"column":1}},"3":{"start":{"line":14,"column":4},"end":{"line":14,"column":37}},"4":{"start":{"line":16,"column":4},"end":{"line":16,"column":47}},"5":{"start":{"line":18,"column":4},"end":{"line":18,"column":31}},"6":{"start":{"line":19,"column":4},"end":{"line":19,"column":9}}},"branchMap":{},"code":["module.exports = home;","","/* - can use `opts.params`, `opts.splats`, `opts.clients` &","        `opts.config`.","   - always call the `cb` with `cb(null)` or `cb(err)`","","   Check out the following ideas for different approaches to routes:","","     - Realtime API repo ( https://code.uberinternal.com/diffusion/RTREAL/ )","     - http-framework examples & docs ( https://github.com/Raynos/http-framework/ )","     - bedrock & documentation ( https://people.uberinternal.com/~aleksey/bedrock/ )","*/","function home(req, res, opts, cb) {","    var logger = opts.clients.logger;","","    logger.info('do application logging here');","","    res.end('hello from unpm');","    cb(); // always call callback","}",""],"l":{"1":1,"13":1,"14":0,"16":0,"18":0,"19":0}}}